TpTrace Information: 0 : 22648, 1, 2020/09/10, 18:45:34.069, 750808598273, vstest.console.exe, AssemblyResolver.ctor: Creating AssemblyResolver with searchDirectories C:\Users\wilso\AppData\Local\Temp\eqqca4le.t4u\.vstest\tools\net451\Extensions,C:\Users\wilso\AppData\Local\Temp\eqqca4le.t4u\.vstest\tools\net451
TpTrace Information: 0 : 22648, 1, 2020/09/10, 18:45:34.079, 750808682435, vstest.console.exe, AssemblyResolver.AddSearchDirectories: Adding more searchDirectories C:\Users\wilso\AppData\Local\Temp\eqqca4le.t4u\.vstest\tools\net451\Extensions,C:\Users\wilso\AppData\Local\Temp\eqqca4le.t4u\.vstest\tools\net451
TpTrace Information: 0 : 22648, 1, 2020/09/10, 18:45:34.080, 750808688416, vstest.console.exe, AssemblyResolver.AddSearchDirectories: Adding more searchDirectories C:\Users\wilso\AppData\Local\Temp\eqqca4le.t4u\.vstest\tools\net451\Extensions,C:\Users\wilso\AppData\Local\Temp\eqqca4le.t4u\.vstest\tools\net451
TpTrace Information: 0 : 22648, 1, 2020/09/10, 18:45:34.080, 750808690613, vstest.console.exe, AssemblyResolver.AddSearchDirectories: Adding more searchDirectories C:\Users\wilso\AppData\Local\Temp\eqqca4le.t4u\.vstest\tools\net451\Extensions,C:\Users\wilso\AppData\Local\Temp\eqqca4le.t4u\.vstest\tools\net451
TpTrace Information: 0 : 22648, 1, 2020/09/10, 18:45:34.080, 750808692535, vstest.console.exe, AssemblyResolver.AddSearchDirectories: Adding more searchDirectories C:\Users\wilso\AppData\Local\Temp\eqqca4le.t4u\.vstest\tools\net451\Extensions,C:\Users\wilso\AppData\Local\Temp\eqqca4le.t4u\.vstest\tools\net451
TpTrace Information: 0 : 22648, 1, 2020/09/10, 18:45:34.090, 750808789928, vstest.console.exe, AssemblyResolver.OnResolve: Microsoft.TestPlatform.Extensions.BlameDataCollector: Resolving assembly.
TpTrace Information: 0 : 22648, 1, 2020/09/10, 18:45:34.121, 750809103184, vstest.console.exe, AssemblyResolver.OnResolve: Resolved assembly: Microsoft.TestPlatform.Extensions.BlameDataCollector, from path: C:\Users\wilso\AppData\Local\Temp\eqqca4le.t4u\.vstest\tools\net451\Extensions\Microsoft.TestPlatform.Extensions.BlameDataCollector.dll
TpTrace Information: 0 : 22648, 1, 2020/09/10, 18:45:34.130, 750809196542, vstest.console.exe, AssemblyResolver.OnResolve: Microsoft.TestPlatform.TestHostRuntimeProvider: Resolving assembly.
TpTrace Information: 0 : 22648, 1, 2020/09/10, 18:45:34.169, 750809581430, vstest.console.exe, AssemblyResolver.OnResolve: Resolved assembly: Microsoft.TestPlatform.TestHostRuntimeProvider, from path: C:\Users\wilso\AppData\Local\Temp\eqqca4le.t4u\.vstest\tools\net451\Extensions\Microsoft.TestPlatform.TestHostRuntimeProvider.dll
TpTrace Information: 0 : 22648, 1, 2020/09/10, 18:45:34.177, 750809663235, vstest.console.exe, AssemblyResolver.OnResolve: Microsoft.VisualStudio.TestPlatform.Extensions.Html.TestLogger: Resolving assembly.
TpTrace Information: 0 : 22648, 1, 2020/09/10, 18:45:34.185, 750809741589, vstest.console.exe, AssemblyResolver.OnResolve: Resolved assembly: Microsoft.VisualStudio.TestPlatform.Extensions.Html.TestLogger, from path: C:\Users\wilso\AppData\Local\Temp\eqqca4le.t4u\.vstest\tools\net451\Extensions\Microsoft.VisualStudio.TestPlatform.Extensions.Html.TestLogger.dll
TpTrace Information: 0 : 22648, 1, 2020/09/10, 18:45:34.188, 750809767607, vstest.console.exe, AssemblyResolver.OnResolve: Microsoft.VisualStudio.TestPlatform.Extensions.Trx.TestLogger: Resolving assembly.
TpTrace Information: 0 : 22648, 1, 2020/09/10, 18:45:34.198, 750809875729, vstest.console.exe, AssemblyResolver.OnResolve: Resolved assembly: Microsoft.VisualStudio.TestPlatform.Extensions.Trx.TestLogger, from path: C:\Users\wilso\AppData\Local\Temp\eqqca4le.t4u\.vstest\tools\net451\Extensions\Microsoft.VisualStudio.TestPlatform.Extensions.Trx.TestLogger.dll
TpTrace Information: 0 : 22648, 1, 2020/09/10, 18:45:34.298, 750810872634, vstest.console.exe, Trying to connect to server on port : 56212
TpTrace Information: 0 : 22648, 1, 2020/09/10, 18:45:34.301, 750810903452, vstest.console.exe, Trying to connect to server on socket : 127.0.0.1:56212 
TpTrace Information: 0 : 22648, 4, 2020/09/10, 18:45:34.823, 750816117683, vstest.console.exe, Connected to the server successfully 
TpTrace Information: 0 : 22648, 4, 2020/09/10, 18:45:34.823, 750816121061, vstest.console.exe, Using the buffer size of 16384 bytes
TpTrace Information: 0 : 22648, 1, 2020/09/10, 18:45:35.211, 750820002336, vstest.console.exe, DesignModeClient.ProcessRequests: Processing Message: (ProtocolVersion) -> 3
TpTrace Information: 0 : 22648, 1, 2020/09/10, 18:45:35.272, 750820614493, vstest.console.exe, DesignModeClient.ProcessRequests: Processing Message: (Extensions.Initialize) -> [
  "C:\\Users\\wilso\\source\\repos\\zarantonello\\medium-testes-mutantes\\LabNotasTests\\bin\\Debug\\netcoreapp3.1",
  "C:\\Users\\wilso\\AppData\\Local\\Temp\\eqqca4le.t4u\\.vstest\\tools\\net451\\Extensions"
]
TpTrace Information: 0 : 22648, 1, 2020/09/10, 18:45:35.297, 750820860151, vstest.console.exe, TestRequestManager.InitializeExtensions: Initialize extensions started.
TpTrace Information: 0 : 22648, 1, 2020/09/10, 18:45:35.300, 750820897177, vstest.console.exe, TestRequestManager.InitializeExtensions: Initialize extensions completed.
TpTrace Information: 0 : 22648, 1, 2020/09/10, 18:45:35.496, 750822855250, vstest.console.exe, DesignModeClient.ProcessRequests: Processing Message: (TestDiscovery.Start) -> {
  "Sources": [
    "C:\\Users\\wilso\\source\\repos\\zarantonello\\medium-testes-mutantes\\LabNotasTests\\bin\\Debug\\netcoreapp3.1\\LabNotasTests.dll"
  ],
  "RunSettings": "<RunSettings>\r\n <RunConfiguration>\r\n\r\n  <MaxCpuCount>1</MaxCpuCount>\r\n  <TargetFrameworkVersion>.NETCoreApp,Version=v3.1</TargetFrameworkVersion>\r\n<DesignMode>false</DesignMode>\r\n<BatchSize>1</BatchSize>\r\n </RunConfiguration>\r\n</RunSettings>",
  "TestPlatformOptions": null
}
TpTrace Information: 0 : 22648, 6, 2020/09/10, 18:45:35.508, 750822978762, vstest.console.exe, TestRequestManager.DiscoverTests: Discovery tests started.
TpTrace Information: 0 : 22648, 6, 2020/09/10, 18:45:35.738, 750825275182, vstest.console.exe, AssemblyMetadataProvider.GetFrameWork: Determined framework:'.NETCoreApp,Version=v3.1' for source: 'C:\Users\wilso\source\repos\zarantonello\medium-testes-mutantes\LabNotasTests\bin\Debug\netcoreapp3.1\LabNotasTests.dll'
TpTrace Information: 0 : 22648, 6, 2020/09/10, 18:45:35.738, 750825278902, vstest.console.exe, Determined framework for all sources: .NETCoreApp,Version=v3.1
TpTrace Information: 0 : 22648, 6, 2020/09/10, 18:45:35.774, 750825635271, vstest.console.exe, AssemblyMetadataProvider.GetArchitecture: Determined architecture:AnyCPU info for assembly: C:\Users\wilso\source\repos\zarantonello\medium-testes-mutantes\LabNotasTests\bin\Debug\netcoreapp3.1\LabNotasTests.dll
TpTrace Information: 0 : 22648, 6, 2020/09/10, 18:45:35.776, 750825661825, vstest.console.exe, Determined platform for all sources: X64
TpTrace Information: 0 : 22648, 6, 2020/09/10, 18:45:35.785, 750825744615, vstest.console.exe, Compatible sources list : 
TpTrace Information: 0 : 22648, 6, 2020/09/10, 18:45:35.785, 750825747160, vstest.console.exe, C:\Users\wilso\source\repos\zarantonello\medium-testes-mutantes\LabNotasTests\bin\Debug\netcoreapp3.1\LabNotasTests.dll
TpTrace Information: 0 : 22648, 6, 2020/09/10, 18:45:35.794, 750825836641, vstest.console.exe, TestRequestManager.DiscoverTests: Synchronization context taken
TpTrace Information: 0 : 22648, 6, 2020/09/10, 18:45:35.881, 750826711223, vstest.console.exe, AssemblyResolver.OnResolve: Microsoft.TestPlatform.TestHostRuntimeProvider, Version=15.0.0.0, Culture=neutral, PublicKeyToken=b03f5f7f11d50a3a: Resolving assembly.
TpTrace Information: 0 : 22648, 6, 2020/09/10, 18:45:35.883, 750826732390, vstest.console.exe, AssemblyResolver.OnResolve: Resolved assembly: Microsoft.TestPlatform.TestHostRuntimeProvider, Version=15.0.0.0, Culture=neutral, PublicKeyToken=b03f5f7f11d50a3a, from path: C:\Users\wilso\AppData\Local\Temp\eqqca4le.t4u\.vstest\tools\net451\Extensions\Microsoft.TestPlatform.TestHostRuntimeProvider.dll
TpTrace Information: 0 : 22648, 6, 2020/09/10, 18:45:35.891, 750826804342, vstest.console.exe, TestPluginManager.CreateTestExtension: Attempting to load test extension: Microsoft.VisualStudio.TestPlatform.CrossPlatEngine.Hosting.DefaultTestHostManager
TpTrace Information: 0 : 22648, 6, 2020/09/10, 18:45:35.892, 750826820182, vstest.console.exe, TestPluginManager.CreateTestExtension: Attempting to load test extension: Microsoft.VisualStudio.TestPlatform.CrossPlatEngine.Hosting.DotnetTestHostManager
TpTrace Information: 0 : 22648, 6, 2020/09/10, 18:45:35.898, 750826877220, vstest.console.exe, InferRunSettingsHelper.IsTestSettingsEnabled: Unable to navigate to RunSettings/MSTest. Current node: RunSettings
TpTrace Information: 0 : 22648, 6, 2020/09/10, 18:45:35.922, 750827112877, vstest.console.exe, DiscoveryRequest.DiscoverAsync: Started.
TpTrace Information: 0 : 22648, 9, 2020/09/10, 18:45:35.930, 750827201507, vstest.console.exe, SocketServer.Start: Listening on endpoint : 127.0.0.1:56215
TpTrace Information: 0 : 22648, 9, 2020/09/10, 18:45:38.118, 750849074990, vstest.console.exe, DiscoveryRequest.SendDiscoveryMessage: Completed.
TpTrace Information: 0 : 22648, 10, 2020/09/10, 18:45:38.346, 750851361594, vstest.console.exe, DiscoveryRequest.SendDiscoveryMessage: Completed.
TpTrace Information: 0 : 22648, 10, 2020/09/10, 18:45:39.643, 750864328030, vstest.console.exe, DiscoveryRequest.SendDiscoveredTests: Completed.
TpTrace Warning: 0 : 22648, 7, 2020/09/10, 18:45:39.678, 750864681551, vstest.console.exe, TestHostManagerCallbacks.ErrorReceivedCallback Test host standard error line: 
TpTrace Information: 0 : 22648, 5, 2020/09/10, 18:45:39.691, 750864809910, vstest.console.exe, TestHostManagerCallbacks.ExitCallBack: Testhost processId: 16164 exited with exitcode: 0 error: ''
TpTrace Warning: 0 : 22648, 10, 2020/09/10, 18:45:39.692, 750864816848, vstest.console.exe, ProxyOperationManager: Timed out waiting for test host to exit. Will terminate process.
TpTrace Information: 0 : 22648, 5, 2020/09/10, 18:45:39.692, 750864818910, vstest.console.exe, TestRequestSender.OnClientProcessExit: Test host process exited. Standard error: 
TpTrace Information: 0 : 22648, 5, 2020/09/10, 18:45:39.692, 750864823842, vstest.console.exe, SocketServer.Stop: Stop server endPoint: 127.0.0.1:56215
TpTrace Information: 0 : 22648, 5, 2020/09/10, 18:45:39.693, 750864825574, vstest.console.exe, SocketServer.Stop: Cancellation requested. Stopping message loop.
TpTrace Information: 0 : 22648, 10, 2020/09/10, 18:45:39.709, 750864988616, vstest.console.exe, DiscoveryRequest.SendDiscoveredTests: Completed.
TpTrace Information: 0 : 22648, 10, 2020/09/10, 18:45:39.732, 750865219381, vstest.console.exe, DiscoveryRequest.DiscoveryComplete: Completed.
TpTrace Information: 0 : 22648, 10, 2020/09/10, 18:45:39.732, 750865224546, vstest.console.exe, SocketServer.Stop: Stop server endPoint: 127.0.0.1:56215
TpTrace Information: 0 : 22648, 10, 2020/09/10, 18:45:39.733, 750865228791, vstest.console.exe, SocketServer.Stop: Cancellation requested. Stopping message loop.
TpTrace Information: 0 : 22648, 6, 2020/09/10, 18:45:39.733, 750865229539, vstest.console.exe, DiscoveryRequest.Dispose: Completed.
TpTrace Information: 0 : 22648, 6, 2020/09/10, 18:45:39.734, 750865236293, vstest.console.exe, TestRequestManager.DiscoverTests: Discovery tests completed.
TpTrace Information: 0 : 22648, 10, 2020/09/10, 18:45:39.739, 750865289711, vstest.console.exe, SocketServer.PrivateStop: Stop server endPoint: 127.0.0.1:56215 error: 
TpTrace Information: 0 : 22648, 10, 2020/09/10, 18:45:39.740, 750865298965, vstest.console.exe, SocketServer.Stop: Raise disconnected event endPoint: 127.0.0.1:56215 error: 
TpTrace Information: 0 : 22648, 1, 2020/09/10, 18:45:39.764, 750865537176, vstest.console.exe, DesignModeClient.ProcessRequests: Processing Message: (TestSession.Terminate) -> null
TpTrace Information: 0 : 22648, 1, 2020/09/10, 18:45:39.764, 750865539897, vstest.console.exe, DesignModeClient: Session End message received from server. Closing the connection.
TpTrace Information: 0 : 9936, 1, 2020/09/10, 18:45:40.271, 750870627581, vstest.console.exe, AssemblyResolver.ctor: Creating AssemblyResolver with searchDirectories C:\Users\wilso\AppData\Local\Temp\eqqca4le.t4u\.vstest\tools\net451\Extensions,C:\Users\wilso\AppData\Local\Temp\eqqca4le.t4u\.vstest\tools\net451
TpTrace Information: 0 : 9936, 1, 2020/09/10, 18:45:40.279, 750870687052, vstest.console.exe, AssemblyResolver.AddSearchDirectories: Adding more searchDirectories C:\Users\wilso\AppData\Local\Temp\eqqca4le.t4u\.vstest\tools\net451\Extensions,C:\Users\wilso\AppData\Local\Temp\eqqca4le.t4u\.vstest\tools\net451
TpTrace Information: 0 : 9936, 1, 2020/09/10, 18:45:40.279, 750870690029, vstest.console.exe, AssemblyResolver.AddSearchDirectories: Adding more searchDirectories C:\Users\wilso\AppData\Local\Temp\eqqca4le.t4u\.vstest\tools\net451\Extensions,C:\Users\wilso\AppData\Local\Temp\eqqca4le.t4u\.vstest\tools\net451
TpTrace Information: 0 : 9936, 1, 2020/09/10, 18:45:40.279, 750870691854, vstest.console.exe, AssemblyResolver.AddSearchDirectories: Adding more searchDirectories C:\Users\wilso\AppData\Local\Temp\eqqca4le.t4u\.vstest\tools\net451\Extensions,C:\Users\wilso\AppData\Local\Temp\eqqca4le.t4u\.vstest\tools\net451
TpTrace Information: 0 : 9936, 1, 2020/09/10, 18:45:40.279, 750870693772, vstest.console.exe, AssemblyResolver.AddSearchDirectories: Adding more searchDirectories C:\Users\wilso\AppData\Local\Temp\eqqca4le.t4u\.vstest\tools\net451\Extensions,C:\Users\wilso\AppData\Local\Temp\eqqca4le.t4u\.vstest\tools\net451
TpTrace Information: 0 : 9936, 1, 2020/09/10, 18:45:40.289, 750870790698, vstest.console.exe, AssemblyResolver.OnResolve: Microsoft.TestPlatform.Extensions.BlameDataCollector: Resolving assembly.
TpTrace Information: 0 : 9936, 1, 2020/09/10, 18:45:40.314, 750871036235, vstest.console.exe, AssemblyResolver.OnResolve: Resolved assembly: Microsoft.TestPlatform.Extensions.BlameDataCollector, from path: C:\Users\wilso\AppData\Local\Temp\eqqca4le.t4u\.vstest\tools\net451\Extensions\Microsoft.TestPlatform.Extensions.BlameDataCollector.dll
TpTrace Information: 0 : 9936, 1, 2020/09/10, 18:45:40.319, 750871095014, vstest.console.exe, AssemblyResolver.OnResolve: Microsoft.TestPlatform.TestHostRuntimeProvider: Resolving assembly.
TpTrace Information: 0 : 9936, 1, 2020/09/10, 18:45:40.324, 750871143873, vstest.console.exe, AssemblyResolver.OnResolve: Resolved assembly: Microsoft.TestPlatform.TestHostRuntimeProvider, from path: C:\Users\wilso\AppData\Local\Temp\eqqca4le.t4u\.vstest\tools\net451\Extensions\Microsoft.TestPlatform.TestHostRuntimeProvider.dll
TpTrace Information: 0 : 9936, 1, 2020/09/10, 18:45:40.329, 750871186611, vstest.console.exe, AssemblyResolver.OnResolve: Microsoft.VisualStudio.TestPlatform.Extensions.Html.TestLogger: Resolving assembly.
TpTrace Information: 0 : 9936, 1, 2020/09/10, 18:45:40.335, 750871247351, vstest.console.exe, AssemblyResolver.OnResolve: Resolved assembly: Microsoft.VisualStudio.TestPlatform.Extensions.Html.TestLogger, from path: C:\Users\wilso\AppData\Local\Temp\eqqca4le.t4u\.vstest\tools\net451\Extensions\Microsoft.VisualStudio.TestPlatform.Extensions.Html.TestLogger.dll
TpTrace Information: 0 : 9936, 1, 2020/09/10, 18:45:40.337, 750871267394, vstest.console.exe, AssemblyResolver.OnResolve: Microsoft.VisualStudio.TestPlatform.Extensions.Trx.TestLogger: Resolving assembly.
TpTrace Information: 0 : 9936, 1, 2020/09/10, 18:45:40.342, 750871312964, vstest.console.exe, AssemblyResolver.OnResolve: Resolved assembly: Microsoft.VisualStudio.TestPlatform.Extensions.Trx.TestLogger, from path: C:\Users\wilso\AppData\Local\Temp\eqqca4le.t4u\.vstest\tools\net451\Extensions\Microsoft.VisualStudio.TestPlatform.Extensions.Trx.TestLogger.dll
TpTrace Information: 0 : 9936, 1, 2020/09/10, 18:45:40.436, 750872253313, vstest.console.exe, Trying to connect to server on port : 56217
TpTrace Information: 0 : 9936, 1, 2020/09/10, 18:45:40.439, 750872286884, vstest.console.exe, Trying to connect to server on socket : 127.0.0.1:56217 
TpTrace Information: 0 : 9936, 4, 2020/09/10, 18:45:40.479, 750872680387, vstest.console.exe, Connected to the server successfully 
TpTrace Information: 0 : 9936, 4, 2020/09/10, 18:45:40.479, 750872683672, vstest.console.exe, Using the buffer size of 16384 bytes
TpTrace Information: 0 : 9936, 1, 2020/09/10, 18:45:40.876, 750876654370, vstest.console.exe, DesignModeClient.ProcessRequests: Processing Message: (ProtocolVersion) -> 3
TpTrace Information: 0 : 9936, 1, 2020/09/10, 18:45:40.913, 750877020151, vstest.console.exe, DesignModeClient.ProcessRequests: Processing Message: (Extensions.Initialize) -> [
  "C:\\Users\\wilso\\source\\repos\\zarantonello\\medium-testes-mutantes\\LabNotasTests\\bin\\Debug\\netcoreapp3.1",
  "C:\\Users\\wilso\\AppData\\Local\\Temp\\eqqca4le.t4u\\.vstest\\tools\\net451\\Extensions"
]
TpTrace Information: 0 : 9936, 1, 2020/09/10, 18:45:40.965, 750877544750, vstest.console.exe, TestRequestManager.InitializeExtensions: Initialize extensions started.
TpTrace Information: 0 : 9936, 1, 2020/09/10, 18:45:40.971, 750877601295, vstest.console.exe, TestRequestManager.InitializeExtensions: Initialize extensions completed.
TpTrace Information: 0 : 9936, 1, 2020/09/10, 18:45:41.315, 750881046209, vstest.console.exe, DesignModeClient.ProcessRequests: Processing Message: (TestExecution.GetTestRunnerProcessStartInfoForRunAll) -> {
  "Sources": [
    "C:\\Users\\wilso\\source\\repos\\zarantonello\\medium-testes-mutantes\\LabNotasTests\\bin\\Debug\\netcoreapp3.1\\LabNotasTests.dll"
  ],
  "TestCases": null,
  "RunSettings": "<RunSettings>\r\n <RunConfiguration>\r\n\r\n  <MaxCpuCount>1</MaxCpuCount>\r\n  <TargetFrameworkVersion>.NETCoreApp,Version=v3.1</TargetFrameworkVersion>\r\n<DesignMode>false</DesignMode>\r\n<BatchSize>1</BatchSize>\r\n </RunConfiguration>\r\n</RunSettings>",
  "KeepAlive": false,
  "DebuggingEnabled": false,
  "TestPlatformOptions": null
}
TpTrace Information: 0 : 9936, 6, 2020/09/10, 18:45:41.339, 750881287342, vstest.console.exe, TestRequestManager.RunTests: run tests started.
TpTrace Information: 0 : 9936, 6, 2020/09/10, 18:45:41.562, 750883521795, vstest.console.exe, AssemblyMetadataProvider.GetFrameWork: Determined framework:'.NETCoreApp,Version=v3.1' for source: 'C:\Users\wilso\source\repos\zarantonello\medium-testes-mutantes\LabNotasTests\bin\Debug\netcoreapp3.1\LabNotasTests.dll'
TpTrace Information: 0 : 9936, 6, 2020/09/10, 18:45:41.564, 750883539255, vstest.console.exe, Determined framework for all sources: .NETCoreApp,Version=v3.1
TpTrace Information: 0 : 9936, 6, 2020/09/10, 18:45:41.602, 750883922715, vstest.console.exe, AssemblyMetadataProvider.GetArchitecture: Determined architecture:AnyCPU info for assembly: C:\Users\wilso\source\repos\zarantonello\medium-testes-mutantes\LabNotasTests\bin\Debug\netcoreapp3.1\LabNotasTests.dll
TpTrace Information: 0 : 9936, 6, 2020/09/10, 18:45:41.605, 750883949467, vstest.console.exe, Determined platform for all sources: X64
TpTrace Information: 0 : 9936, 6, 2020/09/10, 18:45:41.613, 750884029957, vstest.console.exe, Compatible sources list : 
TpTrace Information: 0 : 9936, 6, 2020/09/10, 18:45:41.613, 750884032702, vstest.console.exe, C:\Users\wilso\source\repos\zarantonello\medium-testes-mutantes\LabNotasTests\bin\Debug\netcoreapp3.1\LabNotasTests.dll
TpTrace Information: 0 : 9936, 6, 2020/09/10, 18:45:41.625, 750884147261, vstest.console.exe, InferRunSettingsHelper.IsTestSettingsEnabled: Unable to navigate to RunSettings/MSTest. Current node: RunSettings
TpTrace Information: 0 : 9936, 6, 2020/09/10, 18:45:41.702, 750884918387, vstest.console.exe, AssemblyResolver.OnResolve: Microsoft.TestPlatform.TestHostRuntimeProvider, Version=15.0.0.0, Culture=neutral, PublicKeyToken=b03f5f7f11d50a3a: Resolving assembly.
TpTrace Information: 0 : 9936, 6, 2020/09/10, 18:45:41.703, 750884933301, vstest.console.exe, AssemblyResolver.OnResolve: Resolved assembly: Microsoft.TestPlatform.TestHostRuntimeProvider, Version=15.0.0.0, Culture=neutral, PublicKeyToken=b03f5f7f11d50a3a, from path: C:\Users\wilso\AppData\Local\Temp\eqqca4le.t4u\.vstest\tools\net451\Extensions\Microsoft.TestPlatform.TestHostRuntimeProvider.dll
TpTrace Information: 0 : 9936, 6, 2020/09/10, 18:45:41.705, 750884952011, vstest.console.exe, TestPluginManager.CreateTestExtension: Attempting to load test extension: Microsoft.VisualStudio.TestPlatform.CrossPlatEngine.Hosting.DefaultTestHostManager
TpTrace Information: 0 : 9936, 6, 2020/09/10, 18:45:41.707, 750884973061, vstest.console.exe, TestPluginManager.CreateTestExtension: Attempting to load test extension: Microsoft.VisualStudio.TestPlatform.CrossPlatEngine.Hosting.DotnetTestHostManager
TpTrace Information: 0 : 9936, 6, 2020/09/10, 18:45:41.718, 750885084363, vstest.console.exe, InferRunSettingsHelper.IsTestSettingsEnabled: Unable to navigate to RunSettings/MSTest. Current node: RunSettings
TpTrace Information: 0 : 9936, 6, 2020/09/10, 18:45:41.743, 750885325162, vstest.console.exe, TestRunRequest.ExecuteAsync: Starting run with settings:TestRunCriteria:
   KeepAlive=False,FrequencyOfRunStatsChangeEvent=1,RunStatsChangeEventTimeout=00:00:01.5000000,TestCaseFilter=,TestExecutorLauncher=Microsoft.VisualStudio.TestPlatform.Client.DesignMode.DesignModeTestHostLauncher
   Settingsxml=<RunSettings>
  <RunConfiguration>
    <MaxCpuCount>1</MaxCpuCount>
    <TargetFrameworkVersion>.NETCoreApp,Version=v3.1</TargetFrameworkVersion>
    <DesignMode>false</DesignMode>
    <BatchSize>1</BatchSize>
    <TargetPlatform>X64</TargetPlatform>
    <CollectSourceInformation>True</CollectSourceInformation>
  </RunConfiguration>
  <LoggerRunSettings>
    <Loggers>
      <Logger friendlyName="Console" uri="logger://microsoft/TestPlatform/ConsoleLogger/v1" assemblyQualifiedName="Microsoft.VisualStudio.TestPlatform.CommandLine.Internal.ConsoleLogger, vstest.console, Version=15.0.0.0, Culture=neutral, PublicKeyToken=b03f5f7f11d50a3a" codeBase="C:\Users\wilso\AppData\Local\Temp\eqqca4le.t4u\.vstest\tools\net451\vstest.console.exe" enabled="True" />
    </Loggers>
  </LoggerRunSettings>
</RunSettings>

TpTrace Information: 0 : 9936, 6, 2020/09/10, 18:45:41.755, 750885450481, vstest.console.exe, ProxyParallelExecutionManager: Triggering test run for next source: C:\Users\wilso\source\repos\zarantonello\medium-testes-mutantes\LabNotasTests\bin\Debug\netcoreapp3.1\LabNotasTests.dll
TpTrace Information: 0 : 9936, 6, 2020/09/10, 18:45:41.756, 750885463340, vstest.console.exe, TestRunRequest.ExecuteAsync: Started.
TpTrace Information: 0 : 9936, 7, 2020/09/10, 18:45:41.769, 750885589647, vstest.console.exe, SocketServer.Start: Listening on endpoint : 127.0.0.1:56219
TpTrace Information: 0 : 9936, 1, 2020/09/10, 18:45:41.907, 750886969732, vstest.console.exe, DesignModeClient.ProcessRequests: Processing Message: (TestExecution.CustomTestHostLaunchCallback) -> {
  "HostProcessId": 22280,
  "ErrorMessage": null
}
TpTrace Information: 0 : 9936, 7, 2020/09/10, 18:45:43.328, 750901172014, vstest.console.exe, TestRunRequest:SendTestRunMessage: Completed.
TpTrace Information: 0 : 9936, 10, 2020/09/10, 18:45:43.387, 750901765021, vstest.console.exe, TestRunRequest:SendTestRunMessage: Completed.
TpTrace Information: 0 : 9936, 10, 2020/09/10, 18:45:44.480, 750912696154, vstest.console.exe, TestRunRequest:SendTestRunStatsChange: Completed.
TpTrace Information: 0 : 9936, 10, 2020/09/10, 18:45:44.889, 750916789959, vstest.console.exe, TestRunRequest:SendTestRunStatsChange: Completed.
TpTrace Information: 0 : 9936, 5, 2020/09/10, 18:45:45.056, 750918459191, vstest.console.exe, TestHostManagerCallbacks.ExitCallBack: Testhost processId: 22280 exited with exitcode: 0 error: ''
TpTrace Warning: 0 : 9936, 10, 2020/09/10, 18:45:45.057, 750918469558, vstest.console.exe, ProxyOperationManager: Timed out waiting for test host to exit. Will terminate process.
TpTrace Information: 0 : 9936, 5, 2020/09/10, 18:45:45.057, 750918469551, vstest.console.exe, TestRequestSender.OnClientProcessExit: Test host process exited. Standard error: 
TpTrace Information: 0 : 9936, 5, 2020/09/10, 18:45:45.058, 750918477809, vstest.console.exe, SocketServer.Stop: Stop server endPoint: 127.0.0.1:56219
TpTrace Information: 0 : 9936, 5, 2020/09/10, 18:45:45.058, 750918479528, vstest.console.exe, SocketServer.Stop: Cancellation requested. Stopping message loop.
TpTrace Information: 0 : 9936, 10, 2020/09/10, 18:45:45.092, 750918818193, vstest.console.exe, TestRunRequest:SendTestRunStatsChange: Completed.
TpTrace Information: 0 : 9936, 10, 2020/09/10, 18:45:45.157, 750919462964, vstest.console.exe, TestRunRequest:TestRunComplete: Completed.
TpTrace Information: 0 : 9936, 10, 2020/09/10, 18:45:45.157, 750919468908, vstest.console.exe, SocketServer.Stop: Stop server endPoint: 127.0.0.1:56219
TpTrace Information: 0 : 9936, 10, 2020/09/10, 18:45:45.157, 750919470878, vstest.console.exe, SocketServer.Stop: Cancellation requested. Stopping message loop.
TpTrace Information: 0 : 9936, 10, 2020/09/10, 18:45:45.158, 750919479658, vstest.console.exe, SocketServer.PrivateStop: Stop server endPoint: 127.0.0.1:56219 error: 
TpTrace Information: 0 : 9936, 6, 2020/09/10, 18:45:45.158, 750919480663, vstest.console.exe, TestRunRequest.Dispose: Completed.
TpTrace Information: 0 : 9936, 6, 2020/09/10, 18:45:45.159, 750919485635, vstest.console.exe, TestRequestManager.RunTests: run tests completed.
TpTrace Information: 0 : 9936, 10, 2020/09/10, 18:45:45.160, 750919493808, vstest.console.exe, SocketServer.Stop: Raise disconnected event endPoint: 127.0.0.1:56219 error: 
TpTrace Information: 0 : 9936, 1, 2020/09/10, 18:45:51.293, 750980827990, vstest.console.exe, DesignModeClient.ProcessRequests: Processing Message: (TestExecution.GetTestRunnerProcessStartInfoForRunAll) -> {
  "Sources": [
    "C:\\Users\\wilso\\source\\repos\\zarantonello\\medium-testes-mutantes\\LabNotasTests\\bin\\Debug\\netcoreapp3.1\\LabNotasTests.dll"
  ],
  "TestCases": null,
  "RunSettings": "<RunSettings>\r\n <RunConfiguration>\r\n\r\n  <MaxCpuCount>1</MaxCpuCount>\r\n  <TargetFrameworkVersion>.NETCoreApp,Version=v3.1</TargetFrameworkVersion>\r\n<DesignMode>false</DesignMode>\r\n<BatchSize>1</BatchSize>\r\n </RunConfiguration><InProcDataCollectionRunSettings><InProcDataCollectors><InProcDataCollector friendlyName=\"StrykerCoverage\" uri=\"https://stryker-mutator.io/\" codebase=\"C:\\Users\\wilso\\.dotnet\\tools\\.store\\dotnet-stryker\\0.19.0\\dotnet-stryker\\0.19.0\\tools\\netcoreapp3.1\\any\\Stryker.DataCollector.dll\" assemblyQualifiedName=\"Stryker.DataCollector.CoverageCollector, Stryker.DataCollector, Version=0.16.1.0, Culture=neutral, PublicKeyToken=null\">\r\n<Configuration><Parameters><Coverage/><MutantControl  name='Stryker9xBuQnHrYE2YBKt.MutantControl'/></Parameters></Configuration></InProcDataCollector></InProcDataCollectors></InProcDataCollectionRunSettings>\r\n</RunSettings>",
  "KeepAlive": false,
  "DebuggingEnabled": false,
  "TestPlatformOptions": null
}
TpTrace Information: 0 : 9936, 7, 2020/09/10, 18:45:51.293, 750980831499, vstest.console.exe, TestRequestManager.RunTests: run tests started.
TpTrace Information: 0 : 9936, 7, 2020/09/10, 18:45:51.294, 750980839273, vstest.console.exe, AssemblyMetadataProvider.GetFrameWork: Determined framework:'.NETCoreApp,Version=v3.1' for source: 'C:\Users\wilso\source\repos\zarantonello\medium-testes-mutantes\LabNotasTests\bin\Debug\netcoreapp3.1\LabNotasTests.dll'
TpTrace Information: 0 : 9936, 7, 2020/09/10, 18:45:51.294, 750980842031, vstest.console.exe, Determined framework for all sources: .NETCoreApp,Version=v3.1
TpTrace Information: 0 : 9936, 7, 2020/09/10, 18:45:51.318, 750981081542, vstest.console.exe, AssemblyMetadataProvider.GetArchitecture: Determined architecture:AnyCPU info for assembly: C:\Users\wilso\source\repos\zarantonello\medium-testes-mutantes\LabNotasTests\bin\Debug\netcoreapp3.1\LabNotasTests.dll
TpTrace Information: 0 : 9936, 7, 2020/09/10, 18:45:51.319, 750981084286, vstest.console.exe, Determined platform for all sources: X64
TpTrace Information: 0 : 9936, 7, 2020/09/10, 18:45:51.319, 750981089150, vstest.console.exe, Compatible sources list : 
TpTrace Information: 0 : 9936, 7, 2020/09/10, 18:45:51.319, 750981092303, vstest.console.exe, C:\Users\wilso\source\repos\zarantonello\medium-testes-mutantes\LabNotasTests\bin\Debug\netcoreapp3.1\LabNotasTests.dll
TpTrace Information: 0 : 9936, 7, 2020/09/10, 18:45:51.320, 750981100032, vstest.console.exe, InferRunSettingsHelper.IsTestSettingsEnabled: Unable to navigate to RunSettings/MSTest. Current node: RunSettings
TpTrace Information: 0 : 9936, 7, 2020/09/10, 18:45:51.333, 750981231630, vstest.console.exe, InferRunSettingsHelper.IsTestSettingsEnabled: Unable to navigate to RunSettings/MSTest. Current node: RunSettings
TpTrace Information: 0 : 9936, 7, 2020/09/10, 18:45:51.335, 750981243626, vstest.console.exe, TestRunRequest.ExecuteAsync: Starting run with settings:TestRunCriteria:
   KeepAlive=False,FrequencyOfRunStatsChangeEvent=1,RunStatsChangeEventTimeout=00:00:01.5000000,TestCaseFilter=,TestExecutorLauncher=Microsoft.VisualStudio.TestPlatform.Client.DesignMode.DesignModeTestHostLauncher
   Settingsxml=<RunSettings>
  <RunConfiguration>
    <MaxCpuCount>1</MaxCpuCount>
    <TargetFrameworkVersion>.NETCoreApp,Version=v3.1</TargetFrameworkVersion>
    <DesignMode>false</DesignMode>
    <BatchSize>1</BatchSize>
    <TargetPlatform>X64</TargetPlatform>
    <CollectSourceInformation>True</CollectSourceInformation>
  </RunConfiguration>
  <InProcDataCollectionRunSettings>
    <InProcDataCollectors>
      <InProcDataCollector friendlyName="StrykerCoverage" uri="https://stryker-mutator.io/" codebase="C:\Users\wilso\.dotnet\tools\.store\dotnet-stryker\0.19.0\dotnet-stryker\0.19.0\tools\netcoreapp3.1\any\Stryker.DataCollector.dll" assemblyQualifiedName="Stryker.DataCollector.CoverageCollector, Stryker.DataCollector, Version=0.16.1.0, Culture=neutral, PublicKeyToken=null">
        <Configuration>
          <Parameters>
            <Coverage />
            <MutantControl name="Stryker9xBuQnHrYE2YBKt.MutantControl" />
          </Parameters>
        </Configuration>
      </InProcDataCollector>
    </InProcDataCollectors>
  </InProcDataCollectionRunSettings>
  <LoggerRunSettings>
    <Loggers>
      <Logger friendlyName="Console" uri="logger://microsoft/TestPlatform/ConsoleLogger/v1" assemblyQualifiedName="Microsoft.VisualStudio.TestPlatform.CommandLine.Internal.ConsoleLogger, vstest.console, Version=15.0.0.0, Culture=neutral, PublicKeyToken=b03f5f7f11d50a3a" codeBase="C:\Users\wilso\AppData\Local\Temp\eqqca4le.t4u\.vstest\tools\net451\vstest.console.exe" enabled="True" />
    </Loggers>
  </LoggerRunSettings>
</RunSettings>

TpTrace Information: 0 : 9936, 7, 2020/09/10, 18:45:51.335, 750981248530, vstest.console.exe, ProxyParallelExecutionManager: Triggering test run for next source: C:\Users\wilso\source\repos\zarantonello\medium-testes-mutantes\LabNotasTests\bin\Debug\netcoreapp3.1\LabNotasTests.dll
TpTrace Information: 0 : 9936, 7, 2020/09/10, 18:45:51.335, 750981250542, vstest.console.exe, TestRunRequest.ExecuteAsync: Started.
TpTrace Information: 0 : 9936, 6, 2020/09/10, 18:45:51.338, 750981274376, vstest.console.exe, SocketServer.Start: Listening on endpoint : 127.0.0.1:56221
TpTrace Information: 0 : 9936, 1, 2020/09/10, 18:45:51.354, 750981434827, vstest.console.exe, DesignModeClient.ProcessRequests: Processing Message: (TestExecution.CustomTestHostLaunchCallback) -> {
  "HostProcessId": 21704,
  "ErrorMessage": null
}
TpTrace Information: 0 : 9936, 6, 2020/09/10, 18:45:52.670, 750994598289, vstest.console.exe, TestRunRequest:SendTestRunMessage: Completed.
TpTrace Information: 0 : 9936, 9, 2020/09/10, 18:45:52.736, 750995256921, vstest.console.exe, TestRunRequest:SendTestRunMessage: Completed.
TpTrace Information: 0 : 9936, 9, 2020/09/10, 18:45:53.757, 751005462849, vstest.console.exe, TestRunRequest:SendTestRunStatsChange: Completed.
TpTrace Information: 0 : 9936, 9, 2020/09/10, 18:45:54.208, 751009976629, vstest.console.exe, TestRunRequest:SendTestRunStatsChange: Completed.
TpTrace Information: 0 : 9936, 5, 2020/09/10, 18:45:54.334, 751011237716, vstest.console.exe, TestHostManagerCallbacks.ExitCallBack: Testhost processId: 21704 exited with exitcode: 0 error: ''
TpTrace Information: 0 : 9936, 5, 2020/09/10, 18:45:54.335, 751011240758, vstest.console.exe, TestRequestSender.OnClientProcessExit: Test host process exited. Standard error: 
TpTrace Warning: 0 : 9936, 9, 2020/09/10, 18:45:54.335, 751011241386, vstest.console.exe, ProxyOperationManager: Timed out waiting for test host to exit. Will terminate process.
TpTrace Information: 0 : 9936, 5, 2020/09/10, 18:45:54.335, 751011242676, vstest.console.exe, SocketServer.Stop: Stop server endPoint: 127.0.0.1:56221
TpTrace Information: 0 : 9936, 5, 2020/09/10, 18:45:54.335, 751011246503, vstest.console.exe, SocketServer.Stop: Cancellation requested. Stopping message loop.
TpTrace Information: 0 : 9936, 9, 2020/09/10, 18:45:54.336, 751011249834, vstest.console.exe, TestRunRequest:SendTestRunStatsChange: Completed.
TpTrace Information: 0 : 9936, 9, 2020/09/10, 18:45:54.345, 751011342527, vstest.console.exe, TestRunRequest:TestRunComplete: Completed.
TpTrace Information: 0 : 9936, 9, 2020/09/10, 18:45:54.345, 751011344744, vstest.console.exe, SocketServer.Stop: Stop server endPoint: 127.0.0.1:56221
TpTrace Information: 0 : 9936, 7, 2020/09/10, 18:45:54.345, 751011345770, vstest.console.exe, TestRunRequest.Dispose: Completed.
TpTrace Information: 0 : 9936, 7, 2020/09/10, 18:45:54.345, 751011347368, vstest.console.exe, TestRequestManager.RunTests: run tests completed.
TpTrace Information: 0 : 9936, 9, 2020/09/10, 18:45:54.345, 751011345924, vstest.console.exe, SocketServer.Stop: Cancellation requested. Stopping message loop.
TpTrace Information: 0 : 9936, 9, 2020/09/10, 18:45:54.346, 751011351777, vstest.console.exe, SocketServer.PrivateStop: Stop server endPoint: 127.0.0.1:56221 error: 
TpTrace Information: 0 : 9936, 9, 2020/09/10, 18:45:54.346, 751011355079, vstest.console.exe, SocketServer.Stop: Raise disconnected event endPoint: 127.0.0.1:56221 error: 
TpTrace Information: 0 : 9936, 1, 2020/09/10, 18:45:54.494, 751012829795, vstest.console.exe, DesignModeClient.ProcessRequests: Processing Message: (TestExecution.GetTestRunnerProcessStartInfoForRunSelected) -> {
  "Sources": null,
  "TestCases": [
    {
      "Properties": [
        {
          "Key": {
            "Id": "TestCase.FullyQualifiedName",
            "Label": "FullyQualifiedName",
            "Category": "",
            "Description": "",
            "Attributes": 1,
            "ValueType": "System.String"
          },
          "Value": "LabNotasTests.NotasFrequencias.AprovacaoDisciplina"
        },
        {
          "Key": {
            "Id": "TestCase.ExecutorUri",
            "Label": "Executor Uri",
            "Category": "",
            "Description": "",
            "Attributes": 1,
            "ValueType": "System.Uri"
          },
          "Value": "executor://MSTestAdapter/v2"
        },
        {
          "Key": {
            "Id": "TestCase.Source",
            "Label": "Source",
            "Category": "",
            "Description": "",
            "Attributes": 0,
            "ValueType": "System.String"
          },
          "Value": "C:\\Users\\wilso\\source\\repos\\zarantonello\\medium-testes-mutantes\\LabNotasTests\\bin\\Debug\\netcoreapp3.1\\LabNotasTests.dll"
        },
        {
          "Key": {
            "Id": "TestCase.CodeFilePath",
            "Label": "File Path",
            "Category": "",
            "Description": "",
            "Attributes": 0,
            "ValueType": "System.String"
          },
          "Value": "C:\\Users\\wilso\\source\\repos\\zarantonello\\medium-testes-mutantes\\LabNotasTests\\NotasFrequencias.cs"
        },
        {
          "Key": {
            "Id": "TestCase.DisplayName",
            "Label": "Name",
            "Category": "",
            "Description": "",
            "Attributes": 0,
            "ValueType": "System.String"
          },
          "Value": "AprovacaoDisciplina"
        },
        {
          "Key": {
            "Id": "TestCase.Id",
            "Label": "Id",
            "Category": "",
            "Description": "",
            "Attributes": 1,
            "ValueType": "System.Guid"
          },
          "Value": "0f9e67e7-2d46-03f3-c520-c5a64d868358"
        },
        {
          "Key": {
            "Id": "TestCase.LineNumber",
            "Label": "Line Number",
            "Category": "",
            "Description": "",
            "Attributes": 1,
            "ValueType": "System.Int32"
          },
          "Value": 12
        },
        {
          "Key": {
            "Id": "MSTestDiscoverer.TestClassName",
            "Label": "ClassName",
            "Category": "",
            "Description": "",
            "Attributes": 1,
            "ValueType": "System.String"
          },
          "Value": "LabNotasTests.NotasFrequencias"
        },
        {
          "Key": {
            "Id": "TestObject.Traits",
            "Label": "Traits",
            "Category": "",
            "Description": "",
            "Attributes": 5,
            "ValueType": "System.Collections.Generic.KeyValuePair`2[[System.String],[System.String]][]"
          },
          "Value": []
        }
      ]
    }
  ],
  "RunSettings": "<RunSettings>\r\n <RunConfiguration>\r\n\r\n  <MaxCpuCount>1</MaxCpuCount>\r\n  <TargetFrameworkVersion>.NETCoreApp,Version=v3.1</TargetFrameworkVersion><TestSessionTimeout>10857</TestSessionTimeout>\r\n\r\n<DesignMode>false</DesignMode>\r\n<BatchSize>1</BatchSize>\r\n </RunConfiguration><InProcDataCollectionRunSettings><InProcDataCollectors><InProcDataCollector friendlyName=\"StrykerCoverage\" uri=\"https://stryker-mutator.io/\" codebase=\"C:\\Users\\wilso\\.dotnet\\tools\\.store\\dotnet-stryker\\0.19.0\\dotnet-stryker\\0.19.0\\tools\\netcoreapp3.1\\any\\Stryker.DataCollector.dll\" assemblyQualifiedName=\"Stryker.DataCollector.CoverageCollector, Stryker.DataCollector, Version=0.16.1.0, Culture=neutral, PublicKeyToken=null\">\r\n<Configuration><Parameters><Mutant id='0' tests='0f9e67e7-2d46-03f3-c520-c5a64d868358'/><MutantControl  name='Stryker9xBuQnHrYE2YBKt.MutantControl'/></Parameters></Configuration></InProcDataCollector></InProcDataCollectors></InProcDataCollectionRunSettings>\r\n</RunSettings>",
  "KeepAlive": false,
  "DebuggingEnabled": false,
  "TestPlatformOptions": null
}
TpTrace Information: 0 : 9936, 6, 2020/09/10, 18:45:54.507, 751012967035, vstest.console.exe, TestRequestManager.RunTests: run tests started.
TpTrace Information: 0 : 9936, 6, 2020/09/10, 18:45:54.508, 751012977822, vstest.console.exe, AssemblyMetadataProvider.GetFrameWork: Determined framework:'.NETCoreApp,Version=v3.1' for source: 'C:\Users\wilso\source\repos\zarantonello\medium-testes-mutantes\LabNotasTests\bin\Debug\netcoreapp3.1\LabNotasTests.dll'
TpTrace Information: 0 : 9936, 6, 2020/09/10, 18:45:54.509, 751012981952, vstest.console.exe, Determined framework for all sources: .NETCoreApp,Version=v3.1
TpTrace Information: 0 : 9936, 6, 2020/09/10, 18:45:54.533, 751013221397, vstest.console.exe, AssemblyMetadataProvider.GetArchitecture: Determined architecture:AnyCPU info for assembly: C:\Users\wilso\source\repos\zarantonello\medium-testes-mutantes\LabNotasTests\bin\Debug\netcoreapp3.1\LabNotasTests.dll
TpTrace Information: 0 : 9936, 6, 2020/09/10, 18:45:54.533, 751013223682, vstest.console.exe, Determined platform for all sources: X64
TpTrace Information: 0 : 9936, 6, 2020/09/10, 18:45:54.533, 751013225734, vstest.console.exe, Compatible sources list : 
TpTrace Information: 0 : 9936, 6, 2020/09/10, 18:45:54.533, 751013227125, vstest.console.exe, C:\Users\wilso\source\repos\zarantonello\medium-testes-mutantes\LabNotasTests\bin\Debug\netcoreapp3.1\LabNotasTests.dll
TpTrace Information: 0 : 9936, 6, 2020/09/10, 18:45:54.534, 751013231745, vstest.console.exe, InferRunSettingsHelper.IsTestSettingsEnabled: Unable to navigate to RunSettings/MSTest. Current node: RunSettings
TpTrace Information: 0 : 9936, 6, 2020/09/10, 18:45:54.544, 751013337540, vstest.console.exe, InferRunSettingsHelper.IsTestSettingsEnabled: Unable to navigate to RunSettings/MSTest. Current node: RunSettings
TpTrace Information: 0 : 9936, 6, 2020/09/10, 18:45:54.545, 751013344614, vstest.console.exe, TestRunRequest.ExecuteAsync: Starting run with settings:TestRunCriteria:
   KeepAlive=False,FrequencyOfRunStatsChangeEvent=1,RunStatsChangeEventTimeout=00:00:01.5000000,TestCaseFilter=,TestExecutorLauncher=Microsoft.VisualStudio.TestPlatform.Client.DesignMode.DesignModeTestHostLauncher
   Settingsxml=<RunSettings>
  <RunConfiguration>
    <MaxCpuCount>1</MaxCpuCount>
    <TargetFrameworkVersion>.NETCoreApp,Version=v3.1</TargetFrameworkVersion>
    <TestSessionTimeout>10857</TestSessionTimeout>
    <DesignMode>false</DesignMode>
    <BatchSize>1</BatchSize>
    <TargetPlatform>X64</TargetPlatform>
    <CollectSourceInformation>True</CollectSourceInformation>
  </RunConfiguration>
  <InProcDataCollectionRunSettings>
    <InProcDataCollectors>
      <InProcDataCollector friendlyName="StrykerCoverage" uri="https://stryker-mutator.io/" codebase="C:\Users\wilso\.dotnet\tools\.store\dotnet-stryker\0.19.0\dotnet-stryker\0.19.0\tools\netcoreapp3.1\any\Stryker.DataCollector.dll" assemblyQualifiedName="Stryker.DataCollector.CoverageCollector, Stryker.DataCollector, Version=0.16.1.0, Culture=neutral, PublicKeyToken=null">
        <Configuration>
          <Parameters>
            <Mutant id="0" tests="0f9e67e7-2d46-03f3-c520-c5a64d868358" />
            <MutantControl name="Stryker9xBuQnHrYE2YBKt.MutantControl" />
          </Parameters>
        </Configuration>
      </InProcDataCollector>
    </InProcDataCollectors>
  </InProcDataCollectionRunSettings>
  <LoggerRunSettings>
    <Loggers>
      <Logger friendlyName="Console" uri="logger://microsoft/TestPlatform/ConsoleLogger/v1" assemblyQualifiedName="Microsoft.VisualStudio.TestPlatform.CommandLine.Internal.ConsoleLogger, vstest.console, Version=15.0.0.0, Culture=neutral, PublicKeyToken=b03f5f7f11d50a3a" codeBase="C:\Users\wilso\AppData\Local\Temp\eqqca4le.t4u\.vstest\tools\net451\vstest.console.exe" enabled="True" />
    </Loggers>
  </LoggerRunSettings>
</RunSettings>

TpTrace Information: 0 : 9936, 6, 2020/09/10, 18:45:54.547, 751013359002, vstest.console.exe, ProxyParallelExecutionManager: Triggering test run for next source: C:\Users\wilso\source\repos\zarantonello\medium-testes-mutantes\LabNotasTests\bin\Debug\netcoreapp3.1\LabNotasTests.dll
TpTrace Information: 0 : 9936, 6, 2020/09/10, 18:45:54.547, 751013366080, vstest.console.exe, TestRunRequest.ExecuteAsync: Started.
TpTrace Information: 0 : 9936, 10, 2020/09/10, 18:45:54.549, 751013386354, vstest.console.exe, SocketServer.Start: Listening on endpoint : 127.0.0.1:56224
TpTrace Information: 0 : 9936, 1, 2020/09/10, 18:45:54.564, 751013533338, vstest.console.exe, DesignModeClient.ProcessRequests: Processing Message: (TestExecution.CustomTestHostLaunchCallback) -> {
  "HostProcessId": 23912,
  "ErrorMessage": null
}
TpTrace Information: 0 : 9936, 10, 2020/09/10, 18:45:56.883, 751036723946, vstest.console.exe, TestRunRequest:SendTestRunMessage: Completed.
TpTrace Information: 0 : 9936, 9, 2020/09/10, 18:45:56.963, 751037519883, vstest.console.exe, TestRunRequest:SendTestRunMessage: Completed.
TpTrace Information: 0 : 9936, 9, 2020/09/10, 18:45:57.984, 751047735987, vstest.console.exe, TestRunRequest:SendTestRunStatsChange: Completed.
TpTrace Information: 0 : 9936, 9, 2020/09/10, 18:45:59.245, 751060348633, vstest.console.exe, TestRunRequest:SendTestRunStatsChange: Completed.
TpTrace Information: 0 : 9936, 8, 2020/09/10, 18:45:59.363, 751061528401, vstest.console.exe, TestHostManagerCallbacks.ExitCallBack: Testhost processId: 23912 exited with exitcode: 0 error: ''
TpTrace Information: 0 : 9936, 8, 2020/09/10, 18:45:59.363, 751061530959, vstest.console.exe, TestRequestSender.OnClientProcessExit: Test host process exited. Standard error: 
TpTrace Information: 0 : 9936, 8, 2020/09/10, 18:45:59.364, 751061532624, vstest.console.exe, SocketServer.Stop: Stop server endPoint: 127.0.0.1:56224
TpTrace Information: 0 : 9936, 8, 2020/09/10, 18:45:59.364, 751061533747, vstest.console.exe, SocketServer.Stop: Cancellation requested. Stopping message loop.
TpTrace Warning: 0 : 9936, 9, 2020/09/10, 18:45:59.363, 751061531072, vstest.console.exe, ProxyOperationManager: Timed out waiting for test host to exit. Will terminate process.
TpTrace Information: 0 : 9936, 9, 2020/09/10, 18:45:59.364, 751061541092, vstest.console.exe, TestRunRequest:SendTestRunStatsChange: Completed.
TpTrace Information: 0 : 9936, 9, 2020/09/10, 18:45:59.369, 751061585565, vstest.console.exe, TestRunRequest:TestRunComplete: Completed.
TpTrace Information: 0 : 9936, 6, 2020/09/10, 18:45:59.369, 751061590644, vstest.console.exe, TestRunRequest.Dispose: Completed.
TpTrace Information: 0 : 9936, 6, 2020/09/10, 18:45:59.370, 751061593779, vstest.console.exe, TestRequestManager.RunTests: run tests completed.
TpTrace Information: 0 : 9936, 9, 2020/09/10, 18:45:59.370, 751061595669, vstest.console.exe, SocketServer.Stop: Stop server endPoint: 127.0.0.1:56224
TpTrace Information: 0 : 9936, 9, 2020/09/10, 18:45:59.370, 751061597181, vstest.console.exe, SocketServer.Stop: Cancellation requested. Stopping message loop.
TpTrace Information: 0 : 9936, 9, 2020/09/10, 18:45:59.370, 751061598486, vstest.console.exe, SocketServer.PrivateStop: Stop server endPoint: 127.0.0.1:56224 error: 
TpTrace Information: 0 : 9936, 1, 2020/09/10, 18:45:59.377, 751061665096, vstest.console.exe, DesignModeClient.ProcessRequests: Processing Message: (TestExecution.GetTestRunnerProcessStartInfoForRunSelected) -> {
  "Sources": null,
  "TestCases": [
    {
      "Properties": [
        {
          "Key": {
            "Id": "TestCase.FullyQualifiedName",
            "Label": "FullyQualifiedName",
            "Category": "",
            "Description": "",
            "Attributes": 1,
            "ValueType": "System.String"
          },
          "Value": "LabNotasTests.NotasFrequencias.AprovacaoDisciplina"
        },
        {
          "Key": {
            "Id": "TestCase.ExecutorUri",
            "Label": "Executor Uri",
            "Category": "",
            "Description": "",
            "Attributes": 1,
            "ValueType": "System.Uri"
          },
          "Value": "executor://MSTestAdapter/v2"
        },
        {
          "Key": {
            "Id": "TestCase.Source",
            "Label": "Source",
            "Category": "",
            "Description": "",
            "Attributes": 0,
            "ValueType": "System.String"
          },
          "Value": "C:\\Users\\wilso\\source\\repos\\zarantonello\\medium-testes-mutantes\\LabNotasTests\\bin\\Debug\\netcoreapp3.1\\LabNotasTests.dll"
        },
        {
          "Key": {
            "Id": "TestCase.CodeFilePath",
            "Label": "File Path",
            "Category": "",
            "Description": "",
            "Attributes": 0,
            "ValueType": "System.String"
          },
          "Value": "C:\\Users\\wilso\\source\\repos\\zarantonello\\medium-testes-mutantes\\LabNotasTests\\NotasFrequencias.cs"
        },
        {
          "Key": {
            "Id": "TestCase.DisplayName",
            "Label": "Name",
            "Category": "",
            "Description": "",
            "Attributes": 0,
            "ValueType": "System.String"
          },
          "Value": "AprovacaoDisciplina"
        },
        {
          "Key": {
            "Id": "TestCase.Id",
            "Label": "Id",
            "Category": "",
            "Description": "",
            "Attributes": 1,
            "ValueType": "System.Guid"
          },
          "Value": "0f9e67e7-2d46-03f3-c520-c5a64d868358"
        },
        {
          "Key": {
            "Id": "TestCase.LineNumber",
            "Label": "Line Number",
            "Category": "",
            "Description": "",
            "Attributes": 1,
            "ValueType": "System.Int32"
          },
          "Value": 12
        },
        {
          "Key": {
            "Id": "MSTestDiscoverer.TestClassName",
            "Label": "ClassName",
            "Category": "",
            "Description": "",
            "Attributes": 1,
            "ValueType": "System.String"
          },
          "Value": "LabNotasTests.NotasFrequencias"
        },
        {
          "Key": {
            "Id": "TestObject.Traits",
            "Label": "Traits",
            "Category": "",
            "Description": "",
            "Attributes": 5,
            "ValueType": "System.Collections.Generic.KeyValuePair`2[[System.String],[System.String]][]"
          },
          "Value": []
        }
      ]
    }
  ],
  "RunSettings": "<RunSettings>\r\n <RunConfiguration>\r\n\r\n  <MaxCpuCount>1</MaxCpuCount>\r\n  <TargetFrameworkVersion>.NETCoreApp,Version=v3.1</TargetFrameworkVersion><TestSessionTimeout>10857</TestSessionTimeout>\r\n\r\n<DesignMode>false</DesignMode>\r\n<BatchSize>1</BatchSize>\r\n </RunConfiguration><InProcDataCollectionRunSettings><InProcDataCollectors><InProcDataCollector friendlyName=\"StrykerCoverage\" uri=\"https://stryker-mutator.io/\" codebase=\"C:\\Users\\wilso\\.dotnet\\tools\\.store\\dotnet-stryker\\0.19.0\\dotnet-stryker\\0.19.0\\tools\\netcoreapp3.1\\any\\Stryker.DataCollector.dll\" assemblyQualifiedName=\"Stryker.DataCollector.CoverageCollector, Stryker.DataCollector, Version=0.16.1.0, Culture=neutral, PublicKeyToken=null\">\r\n<Configuration><Parameters><Mutant id='1' tests='0f9e67e7-2d46-03f3-c520-c5a64d868358'/><MutantControl  name='Stryker9xBuQnHrYE2YBKt.MutantControl'/></Parameters></Configuration></InProcDataCollector></InProcDataCollectors></InProcDataCollectionRunSettings>\r\n</RunSettings>",
  "KeepAlive": false,
  "DebuggingEnabled": false,
  "TestPlatformOptions": null
}
TpTrace Information: 0 : 9936, 7, 2020/09/10, 18:45:59.379, 751061686936, vstest.console.exe, TestRequestManager.RunTests: run tests started.
TpTrace Information: 0 : 9936, 7, 2020/09/10, 18:45:59.380, 751061700007, vstest.console.exe, AssemblyMetadataProvider.GetFrameWork: Determined framework:'.NETCoreApp,Version=v3.1' for source: 'C:\Users\wilso\source\repos\zarantonello\medium-testes-mutantes\LabNotasTests\bin\Debug\netcoreapp3.1\LabNotasTests.dll'
TpTrace Information: 0 : 9936, 7, 2020/09/10, 18:45:59.381, 751061706495, vstest.console.exe, Determined framework for all sources: .NETCoreApp,Version=v3.1
TpTrace Information: 0 : 9936, 9, 2020/09/10, 18:45:59.381, 751061709036, vstest.console.exe, SocketServer.Stop: Raise disconnected event endPoint: 127.0.0.1:56224 error: 
TpTrace Information: 0 : 9936, 7, 2020/09/10, 18:45:59.412, 751062017540, vstest.console.exe, AssemblyMetadataProvider.GetArchitecture: Determined architecture:AnyCPU info for assembly: C:\Users\wilso\source\repos\zarantonello\medium-testes-mutantes\LabNotasTests\bin\Debug\netcoreapp3.1\LabNotasTests.dll
TpTrace Information: 0 : 9936, 7, 2020/09/10, 18:45:59.414, 751062040200, vstest.console.exe, Determined platform for all sources: X64
TpTrace Information: 0 : 9936, 7, 2020/09/10, 18:45:59.415, 751062043403, vstest.console.exe, Compatible sources list : 
TpTrace Information: 0 : 9936, 7, 2020/09/10, 18:45:59.415, 751062045162, vstest.console.exe, C:\Users\wilso\source\repos\zarantonello\medium-testes-mutantes\LabNotasTests\bin\Debug\netcoreapp3.1\LabNotasTests.dll
TpTrace Information: 0 : 9936, 7, 2020/09/10, 18:45:59.415, 751062049389, vstest.console.exe, InferRunSettingsHelper.IsTestSettingsEnabled: Unable to navigate to RunSettings/MSTest. Current node: RunSettings
TpTrace Information: 0 : 9936, 7, 2020/09/10, 18:45:59.424, 751062137288, vstest.console.exe, InferRunSettingsHelper.IsTestSettingsEnabled: Unable to navigate to RunSettings/MSTest. Current node: RunSettings
TpTrace Information: 0 : 9936, 7, 2020/09/10, 18:45:59.425, 751062144156, vstest.console.exe, TestRunRequest.ExecuteAsync: Starting run with settings:TestRunCriteria:
   KeepAlive=False,FrequencyOfRunStatsChangeEvent=1,RunStatsChangeEventTimeout=00:00:01.5000000,TestCaseFilter=,TestExecutorLauncher=Microsoft.VisualStudio.TestPlatform.Client.DesignMode.DesignModeTestHostLauncher
   Settingsxml=<RunSettings>
  <RunConfiguration>
    <MaxCpuCount>1</MaxCpuCount>
    <TargetFrameworkVersion>.NETCoreApp,Version=v3.1</TargetFrameworkVersion>
    <TestSessionTimeout>10857</TestSessionTimeout>
    <DesignMode>false</DesignMode>
    <BatchSize>1</BatchSize>
    <TargetPlatform>X64</TargetPlatform>
    <CollectSourceInformation>True</CollectSourceInformation>
  </RunConfiguration>
  <InProcDataCollectionRunSettings>
    <InProcDataCollectors>
      <InProcDataCollector friendlyName="StrykerCoverage" uri="https://stryker-mutator.io/" codebase="C:\Users\wilso\.dotnet\tools\.store\dotnet-stryker\0.19.0\dotnet-stryker\0.19.0\tools\netcoreapp3.1\any\Stryker.DataCollector.dll" assemblyQualifiedName="Stryker.DataCollector.CoverageCollector, Stryker.DataCollector, Version=0.16.1.0, Culture=neutral, PublicKeyToken=null">
        <Configuration>
          <Parameters>
            <Mutant id="1" tests="0f9e67e7-2d46-03f3-c520-c5a64d868358" />
            <MutantControl name="Stryker9xBuQnHrYE2YBKt.MutantControl" />
          </Parameters>
        </Configuration>
      </InProcDataCollector>
    </InProcDataCollectors>
  </InProcDataCollectionRunSettings>
  <LoggerRunSettings>
    <Loggers>
      <Logger friendlyName="Console" uri="logger://microsoft/TestPlatform/ConsoleLogger/v1" assemblyQualifiedName="Microsoft.VisualStudio.TestPlatform.CommandLine.Internal.ConsoleLogger, vstest.console, Version=15.0.0.0, Culture=neutral, PublicKeyToken=b03f5f7f11d50a3a" codeBase="C:\Users\wilso\AppData\Local\Temp\eqqca4le.t4u\.vstest\tools\net451\vstest.console.exe" enabled="True" />
    </Loggers>
  </LoggerRunSettings>
</RunSettings>

TpTrace Information: 0 : 9936, 7, 2020/09/10, 18:45:59.425, 751062147625, vstest.console.exe, ProxyParallelExecutionManager: Triggering test run for next source: C:\Users\wilso\source\repos\zarantonello\medium-testes-mutantes\LabNotasTests\bin\Debug\netcoreapp3.1\LabNotasTests.dll
TpTrace Information: 0 : 9936, 7, 2020/09/10, 18:45:59.425, 751062149523, vstest.console.exe, TestRunRequest.ExecuteAsync: Started.
TpTrace Information: 0 : 9936, 9, 2020/09/10, 18:45:59.426, 751062155786, vstest.console.exe, SocketServer.Start: Listening on endpoint : 127.0.0.1:56229
TpTrace Information: 0 : 9936, 1, 2020/09/10, 18:45:59.439, 751062285064, vstest.console.exe, DesignModeClient.ProcessRequests: Processing Message: (TestExecution.CustomTestHostLaunchCallback) -> {
  "HostProcessId": 21116,
  "ErrorMessage": null
}
TpTrace Information: 0 : 9936, 9, 2020/09/10, 18:46:01.468, 751082573646, vstest.console.exe, TestRunRequest:SendTestRunMessage: Completed.
TpTrace Information: 0 : 9936, 10, 2020/09/10, 18:46:01.520, 751083096988, vstest.console.exe, TestRunRequest:SendTestRunMessage: Completed.
TpTrace Information: 0 : 9936, 10, 2020/09/10, 18:46:02.845, 751096340204, vstest.console.exe, TestRunRequest:SendTestRunStatsChange: Completed.
TpTrace Information: 0 : 9936, 10, 2020/09/10, 18:46:03.356, 751101451441, vstest.console.exe, TestRunRequest:SendTestRunStatsChange: Completed.
TpTrace Information: 0 : 9936, 8, 2020/09/10, 18:46:03.453, 751102425544, vstest.console.exe, TestHostManagerCallbacks.ExitCallBack: Testhost processId: 21116 exited with exitcode: 0 error: ''
TpTrace Information: 0 : 9936, 8, 2020/09/10, 18:46:03.454, 751102429300, vstest.console.exe, TestRequestSender.OnClientProcessExit: Test host process exited. Standard error: 
TpTrace Information: 0 : 9936, 8, 2020/09/10, 18:46:03.454, 751102430865, vstest.console.exe, SocketServer.Stop: Stop server endPoint: 127.0.0.1:56229
TpTrace Warning: 0 : 9936, 10, 2020/09/10, 18:46:03.454, 751102429389, vstest.console.exe, ProxyOperationManager: Timed out waiting for test host to exit. Will terminate process.
TpTrace Information: 0 : 9936, 8, 2020/09/10, 18:46:03.454, 751102432013, vstest.console.exe, SocketServer.Stop: Cancellation requested. Stopping message loop.
TpTrace Information: 0 : 9936, 10, 2020/09/10, 18:46:03.455, 751102439666, vstest.console.exe, TestRunRequest:SendTestRunStatsChange: Completed.
TpTrace Information: 0 : 9936, 10, 2020/09/10, 18:46:03.505, 751102943047, vstest.console.exe, TestRunRequest:TestRunComplete: Completed.
TpTrace Information: 0 : 9936, 7, 2020/09/10, 18:46:03.505, 751102945840, vstest.console.exe, TestRunRequest.Dispose: Completed.
TpTrace Information: 0 : 9936, 7, 2020/09/10, 18:46:03.506, 751102947509, vstest.console.exe, TestRequestManager.RunTests: run tests completed.
TpTrace Information: 0 : 9936, 10, 2020/09/10, 18:46:03.506, 751102950790, vstest.console.exe, SocketServer.Stop: Stop server endPoint: 127.0.0.1:56229
TpTrace Information: 0 : 9936, 10, 2020/09/10, 18:46:03.506, 751102952469, vstest.console.exe, SocketServer.Stop: Cancellation requested. Stopping message loop.
TpTrace Information: 0 : 9936, 10, 2020/09/10, 18:46:03.506, 751102953900, vstest.console.exe, SocketServer.PrivateStop: Stop server endPoint: 127.0.0.1:56229 error: 
TpTrace Information: 0 : 9936, 10, 2020/09/10, 18:46:03.507, 751102958041, vstest.console.exe, SocketServer.Stop: Raise disconnected event endPoint: 127.0.0.1:56229 error: 
TpTrace Information: 0 : 9936, 1, 2020/09/10, 18:46:04.707, 751114967474, vstest.console.exe, DesignModeClient.ProcessRequests: Processing Message: (TestExecution.GetTestRunnerProcessStartInfoForRunSelected) -> {
  "Sources": null,
  "TestCases": [
    {
      "Properties": [
        {
          "Key": {
            "Id": "TestCase.FullyQualifiedName",
            "Label": "FullyQualifiedName",
            "Category": "",
            "Description": "",
            "Attributes": 1,
            "ValueType": "System.String"
          },
          "Value": "LabNotasTests.NotasFrequencias.AprovacaoDisciplina"
        },
        {
          "Key": {
            "Id": "TestCase.ExecutorUri",
            "Label": "Executor Uri",
            "Category": "",
            "Description": "",
            "Attributes": 1,
            "ValueType": "System.Uri"
          },
          "Value": "executor://MSTestAdapter/v2"
        },
        {
          "Key": {
            "Id": "TestCase.Source",
            "Label": "Source",
            "Category": "",
            "Description": "",
            "Attributes": 0,
            "ValueType": "System.String"
          },
          "Value": "C:\\Users\\wilso\\source\\repos\\zarantonello\\medium-testes-mutantes\\LabNotasTests\\bin\\Debug\\netcoreapp3.1\\LabNotasTests.dll"
        },
        {
          "Key": {
            "Id": "TestCase.CodeFilePath",
            "Label": "File Path",
            "Category": "",
            "Description": "",
            "Attributes": 0,
            "ValueType": "System.String"
          },
          "Value": "C:\\Users\\wilso\\source\\repos\\zarantonello\\medium-testes-mutantes\\LabNotasTests\\NotasFrequencias.cs"
        },
        {
          "Key": {
            "Id": "TestCase.DisplayName",
            "Label": "Name",
            "Category": "",
            "Description": "",
            "Attributes": 0,
            "ValueType": "System.String"
          },
          "Value": "AprovacaoDisciplina"
        },
        {
          "Key": {
            "Id": "TestCase.Id",
            "Label": "Id",
            "Category": "",
            "Description": "",
            "Attributes": 1,
            "ValueType": "System.Guid"
          },
          "Value": "0f9e67e7-2d46-03f3-c520-c5a64d868358"
        },
        {
          "Key": {
            "Id": "TestCase.LineNumber",
            "Label": "Line Number",
            "Category": "",
            "Description": "",
            "Attributes": 1,
            "ValueType": "System.Int32"
          },
          "Value": 12
        },
        {
          "Key": {
            "Id": "MSTestDiscoverer.TestClassName",
            "Label": "ClassName",
            "Category": "",
            "Description": "",
            "Attributes": 1,
            "ValueType": "System.String"
          },
          "Value": "LabNotasTests.NotasFrequencias"
        },
        {
          "Key": {
            "Id": "TestObject.Traits",
            "Label": "Traits",
            "Category": "",
            "Description": "",
            "Attributes": 5,
            "ValueType": "System.Collections.Generic.KeyValuePair`2[[System.String],[System.String]][]"
          },
          "Value": []
        }
      ]
    }
  ],
  "RunSettings": "<RunSettings>\r\n <RunConfiguration>\r\n\r\n  <MaxCpuCount>1</MaxCpuCount>\r\n  <TargetFrameworkVersion>.NETCoreApp,Version=v3.1</TargetFrameworkVersion><TestSessionTimeout>10857</TestSessionTimeout>\r\n\r\n<DesignMode>false</DesignMode>\r\n<BatchSize>1</BatchSize>\r\n </RunConfiguration><InProcDataCollectionRunSettings><InProcDataCollectors><InProcDataCollector friendlyName=\"StrykerCoverage\" uri=\"https://stryker-mutator.io/\" codebase=\"C:\\Users\\wilso\\.dotnet\\tools\\.store\\dotnet-stryker\\0.19.0\\dotnet-stryker\\0.19.0\\tools\\netcoreapp3.1\\any\\Stryker.DataCollector.dll\" assemblyQualifiedName=\"Stryker.DataCollector.CoverageCollector, Stryker.DataCollector, Version=0.16.1.0, Culture=neutral, PublicKeyToken=null\">\r\n<Configuration><Parameters><Mutant id='2' tests='0f9e67e7-2d46-03f3-c520-c5a64d868358'/><MutantControl  name='Stryker9xBuQnHrYE2YBKt.MutantControl'/></Parameters></Configuration></InProcDataCollector></InProcDataCollectors></InProcDataCollectionRunSettings>\r\n</RunSettings>",
  "KeepAlive": false,
  "DebuggingEnabled": false,
  "TestPlatformOptions": null
}
TpTrace Information: 0 : 9936, 9, 2020/09/10, 18:46:04.708, 751114981143, vstest.console.exe, TestRequestManager.RunTests: run tests started.
TpTrace Information: 0 : 9936, 9, 2020/09/10, 18:46:04.710, 751114995049, vstest.console.exe, AssemblyMetadataProvider.GetFrameWork: Determined framework:'.NETCoreApp,Version=v3.1' for source: 'C:\Users\wilso\source\repos\zarantonello\medium-testes-mutantes\LabNotasTests\bin\Debug\netcoreapp3.1\LabNotasTests.dll'
TpTrace Information: 0 : 9936, 9, 2020/09/10, 18:46:04.710, 751114998451, vstest.console.exe, Determined framework for all sources: .NETCoreApp,Version=v3.1
TpTrace Information: 0 : 9936, 9, 2020/09/10, 18:46:04.736, 751115254017, vstest.console.exe, AssemblyMetadataProvider.GetArchitecture: Determined architecture:AnyCPU info for assembly: C:\Users\wilso\source\repos\zarantonello\medium-testes-mutantes\LabNotasTests\bin\Debug\netcoreapp3.1\LabNotasTests.dll
TpTrace Information: 0 : 9936, 9, 2020/09/10, 18:46:04.736, 751115256531, vstest.console.exe, Determined platform for all sources: X64
TpTrace Information: 0 : 9936, 9, 2020/09/10, 18:46:04.736, 751115258656, vstest.console.exe, Compatible sources list : 
TpTrace Information: 0 : 9936, 9, 2020/09/10, 18:46:04.736, 751115260314, vstest.console.exe, C:\Users\wilso\source\repos\zarantonello\medium-testes-mutantes\LabNotasTests\bin\Debug\netcoreapp3.1\LabNotasTests.dll
TpTrace Information: 0 : 9936, 9, 2020/09/10, 18:46:04.737, 751115271376, vstest.console.exe, InferRunSettingsHelper.IsTestSettingsEnabled: Unable to navigate to RunSettings/MSTest. Current node: RunSettings
TpTrace Information: 0 : 9936, 9, 2020/09/10, 18:46:04.743, 751115324597, vstest.console.exe, InferRunSettingsHelper.IsTestSettingsEnabled: Unable to navigate to RunSettings/MSTest. Current node: RunSettings
TpTrace Information: 0 : 9936, 9, 2020/09/10, 18:46:04.743, 751115331490, vstest.console.exe, TestRunRequest.ExecuteAsync: Starting run with settings:TestRunCriteria:
   KeepAlive=False,FrequencyOfRunStatsChangeEvent=1,RunStatsChangeEventTimeout=00:00:01.5000000,TestCaseFilter=,TestExecutorLauncher=Microsoft.VisualStudio.TestPlatform.Client.DesignMode.DesignModeTestHostLauncher
   Settingsxml=<RunSettings>
  <RunConfiguration>
    <MaxCpuCount>1</MaxCpuCount>
    <TargetFrameworkVersion>.NETCoreApp,Version=v3.1</TargetFrameworkVersion>
    <TestSessionTimeout>10857</TestSessionTimeout>
    <DesignMode>false</DesignMode>
    <BatchSize>1</BatchSize>
    <TargetPlatform>X64</TargetPlatform>
    <CollectSourceInformation>True</CollectSourceInformation>
  </RunConfiguration>
  <InProcDataCollectionRunSettings>
    <InProcDataCollectors>
      <InProcDataCollector friendlyName="StrykerCoverage" uri="https://stryker-mutator.io/" codebase="C:\Users\wilso\.dotnet\tools\.store\dotnet-stryker\0.19.0\dotnet-stryker\0.19.0\tools\netcoreapp3.1\any\Stryker.DataCollector.dll" assemblyQualifiedName="Stryker.DataCollector.CoverageCollector, Stryker.DataCollector, Version=0.16.1.0, Culture=neutral, PublicKeyToken=null">
        <Configuration>
          <Parameters>
            <Mutant id="2" tests="0f9e67e7-2d46-03f3-c520-c5a64d868358" />
            <MutantControl name="Stryker9xBuQnHrYE2YBKt.MutantControl" />
          </Parameters>
        </Configuration>
      </InProcDataCollector>
    </InProcDataCollectors>
  </InProcDataCollectionRunSettings>
  <LoggerRunSettings>
    <Loggers>
      <Logger friendlyName="Console" uri="logger://microsoft/TestPlatform/ConsoleLogger/v1" assemblyQualifiedName="Microsoft.VisualStudio.TestPlatform.CommandLine.Internal.ConsoleLogger, vstest.console, Version=15.0.0.0, Culture=neutral, PublicKeyToken=b03f5f7f11d50a3a" codeBase="C:\Users\wilso\AppData\Local\Temp\eqqca4le.t4u\.vstest\tools\net451\vstest.console.exe" enabled="True" />
    </Loggers>
  </LoggerRunSettings>
</RunSettings>

TpTrace Information: 0 : 9936, 9, 2020/09/10, 18:46:04.744, 751115335657, vstest.console.exe, ProxyParallelExecutionManager: Triggering test run for next source: C:\Users\wilso\source\repos\zarantonello\medium-testes-mutantes\LabNotasTests\bin\Debug\netcoreapp3.1\LabNotasTests.dll
TpTrace Information: 0 : 9936, 9, 2020/09/10, 18:46:04.744, 751115337895, vstest.console.exe, TestRunRequest.ExecuteAsync: Started.
TpTrace Information: 0 : 9936, 10, 2020/09/10, 18:46:04.745, 751115342644, vstest.console.exe, SocketServer.Start: Listening on endpoint : 127.0.0.1:56233
TpTrace Information: 0 : 9936, 1, 2020/09/10, 18:46:04.767, 751115569720, vstest.console.exe, DesignModeClient.ProcessRequests: Processing Message: (TestExecution.CustomTestHostLaunchCallback) -> {
  "HostProcessId": 20152,
  "ErrorMessage": null
}
TpTrace Warning: 0 : 9936, 6, 2020/09/10, 18:46:05.421, 751122099110, vstest.console.exe, TestRunRequest.SendTestRunMessage: Ignoring as the object is disposed.
TpTrace Warning: 0 : 9936, 6, 2020/09/10, 18:46:05.421, 751122108398, vstest.console.exe, Ignoring TestRunRequest.Abort() as testRunRequest object has already been disposed
TpTrace Information: 0 : 9936, 10, 2020/09/10, 18:46:06.492, 751132818357, vstest.console.exe, TestRunRequest:SendTestRunMessage: Completed.
TpTrace Information: 0 : 9936, 14, 2020/09/10, 18:46:06.551, 751133405147, vstest.console.exe, TestRunRequest:SendTestRunMessage: Completed.
TpTrace Information: 0 : 9936, 14, 2020/09/10, 18:46:07.467, 751142572278, vstest.console.exe, TestRunRequest:SendTestRunStatsChange: Completed.
TpTrace Information: 0 : 9936, 14, 2020/09/10, 18:46:07.766, 751145558014, vstest.console.exe, TestRunRequest:SendTestRunStatsChange: Completed.
TpTrace Information: 0 : 9936, 8, 2020/09/10, 18:46:07.874, 751146643599, vstest.console.exe, TestHostManagerCallbacks.ExitCallBack: Testhost processId: 20152 exited with exitcode: 0 error: ''
TpTrace Information: 0 : 9936, 8, 2020/09/10, 18:46:07.875, 751146646398, vstest.console.exe, TestRequestSender.OnClientProcessExit: Test host process exited. Standard error: 
TpTrace Information: 0 : 9936, 8, 2020/09/10, 18:46:07.875, 751146648056, vstest.console.exe, SocketServer.Stop: Stop server endPoint: 127.0.0.1:56233
TpTrace Warning: 0 : 9936, 14, 2020/09/10, 18:46:07.875, 751146646521, vstest.console.exe, ProxyOperationManager: Timed out waiting for test host to exit. Will terminate process.
TpTrace Information: 0 : 9936, 8, 2020/09/10, 18:46:07.875, 751146649467, vstest.console.exe, SocketServer.Stop: Cancellation requested. Stopping message loop.
TpTrace Information: 0 : 9936, 14, 2020/09/10, 18:46:07.876, 751146655681, vstest.console.exe, TestRunRequest:SendTestRunStatsChange: Completed.
TpTrace Information: 0 : 9936, 14, 2020/09/10, 18:46:07.880, 751146702571, vstest.console.exe, TestRunRequest:TestRunComplete: Completed.
TpTrace Information: 0 : 9936, 9, 2020/09/10, 18:46:07.881, 751146705102, vstest.console.exe, TestRunRequest.Dispose: Completed.
TpTrace Information: 0 : 9936, 9, 2020/09/10, 18:46:07.881, 751146706547, vstest.console.exe, TestRequestManager.RunTests: run tests completed.
TpTrace Information: 0 : 9936, 14, 2020/09/10, 18:46:07.881, 751146708401, vstest.console.exe, SocketServer.Stop: Stop server endPoint: 127.0.0.1:56233
TpTrace Information: 0 : 9936, 14, 2020/09/10, 18:46:07.881, 751146709864, vstest.console.exe, SocketServer.Stop: Cancellation requested. Stopping message loop.
TpTrace Information: 0 : 9936, 14, 2020/09/10, 18:46:07.881, 751146711175, vstest.console.exe, SocketServer.PrivateStop: Stop server endPoint: 127.0.0.1:56233 error: 
TpTrace Information: 0 : 9936, 14, 2020/09/10, 18:46:07.882, 751146715180, vstest.console.exe, SocketServer.Stop: Raise disconnected event endPoint: 127.0.0.1:56233 error: 
TpTrace Warning: 0 : 9936, 7, 2020/09/10, 18:46:10.284, 751170737905, vstest.console.exe, TestRunRequest.SendTestRunMessage: Ignoring as the object is disposed.
TpTrace Warning: 0 : 9936, 7, 2020/09/10, 18:46:10.284, 751170740788, vstest.console.exe, Ignoring TestRunRequest.Abort() as testRunRequest object has already been disposed
TpTrace Information: 0 : 9936, 1, 2020/09/10, 18:46:13.726, 751205156232, vstest.console.exe, DesignModeClient.ProcessRequests: Processing Message: (TestSession.Terminate) -> null
TpTrace Information: 0 : 9936, 1, 2020/09/10, 18:46:13.726, 751205158595, vstest.console.exe, DesignModeClient: Session End message received from server. Closing the connection.
d": 16852,
  "ErrorMessage": null
}
TpTrace Information: 0 : 5720, 11, 2020/09/10, 18:46:03.257, 751100465541, vstest.console.exe, TestRunRequest:SendTestRunMessage: Completed.
TpTrace Information: 0 : 5720, 7, 2020/09/10, 18:46:03.371, 751101597468, vstest.console.exe, TestRunRequest:SendTestRunMessage: Completed.
TpTrace Information: 0 : 5720, 7, 2020/09/10, 18:46:04.291, 751110804066, vstest.console.exe, TestRunRequest:SendTestRunStatsChange: Completed.
TpTrace Information: 0 : 5720, 7, 2020/09/10, 18:46:04.588, 751113780726, vstest.console.exe, TestRunRequest:SendTestRunStatsChange: Completed.
TpTrace Information: 0 : 5720, 5, 2020/09/10, 18:46:04.710, 751114998012, vstest.console.exe, TestHostManagerCallbacks.ExitCallBack: Testhost processId: 16852 exited with exitcode: 0 error: ''
TpTrace Information: 0 : 5720, 5, 2020/09/10, 18:46:04.710, 751115000616, vstest.console.exe, TestRequestSender.OnClientProcessExit: Test host process exited. Standard error: 
TpTrace Information: 0 : 5720, 5, 2020/09/10, 18:46:04.711, 751115002614, vstest.console.exe, SocketServer.Stop: Stop server endPoint: 127.0.0.1:56231
TpTrace Warning: 0 : 5720, 7, 2020/09/10, 18:46:04.710, 751115000626, vstest.console.exe, ProxyOperationManager: Timed out waiting for test host to exit. Will terminate process.
TpTrace Information: 0 : 5720, 5, 2020/09/10, 18:46:04.711, 751115003896, vstest.console.exe, SocketServer.Stop: Cancellation requested. Stopping message loop.
TpTrace Information: 0 : 5720, 7, 2020/09/10, 18:46:04.711, 751115011085, vstest.console.exe, TestRunRequest:SendTestRunStatsChange: Completed.
TpTrace Information: 0 : 5720, 7, 2020/09/10, 18:46:04.732, 751115220017, vstest.console.exe, TestRunRequest:TestRunComplete: Completed.
TpTrace Information: 0 : 5720, 7, 2020/09/10, 18:46:04.732, 751115222200, vstest.console.exe, SocketServer.Stop: Stop server endPoint: 127.0.0.1:56231
TpTrace Information: 0 : 5720, 6, 2020/09/10, 18:46:04.733, 751115223371, vstest.console.exe, TestRunRequest.Dispose: Completed.
TpTrace Information: 0 : 5720, 6, 2020/09/10, 18:46:04.733, 751115224659, vstest.console.exe, TestRequestManager.RunTests: run tests completed.
TpTrace Information: 0 : 5720, 7, 2020/09/10, 18:46:04.733, 751115223540, vstest.console.exe, SocketServer.Stop: Cancellation requested. Stopping message loop.
TpTrace Information: 0 : 5720, 7, 2020/09/10, 18:46:04.733, 751115228237, vstest.console.exe, SocketServer.PrivateStop: Stop server endPoint: 127.0.0.1:56231 error: 
TpTrace Information: 0 : 5720, 7, 2020/09/10, 18:46:04.733, 751115232032, vstest.console.exe, SocketServer.Stop: Raise disconnected event endPoint: 127.0.0.1:56231 error: 
TpTrace Warning: 0 : 5720, 11, 2020/09/10, 18:46:07.719, 751145085518, vstest.console.exe, TestRunRequest.SendTestRunMessage: Ignoring as the object is disposed.
TpTrace Warning: 0 : 5720, 11, 2020/09/10, 18:46:07.719, 751145094228, vstest.console.exe, Ignoring TestRunRequest.Abort() as testRunRequest object has already been disposed
TpTrace Information: 0 : 5720, 1, 2020/09/10, 18:46:10.888, 751176778625, vstest.console.exe, DesignModeClient.ProcessRequests: Processing Message: (TestExecution.GetTestRunnerProcessStartInfoForRunSelected) -> {
  "Sources": null,
  "TestCases": [
    {
      "Properties": [
        {
          "Key": {
            "Id": "TestCase.FullyQualifiedName",
            "Label": "FullyQualifiedName",
            "Category": "",
            "Description": "",
            "Attributes": 1,
            "ValueType": "System.String"
          },
          "Value": "LabNotasTests.NotasFrequencias.AprovacaoDisciplina"
        },
        {
          "Key": {
            "Id": "TestCase.ExecutorUri",
            "Label": "Executor Uri",
            "Category": "",
            "Description": "",
            "Attributes": 1,
            "ValueType": "System.Uri"
          },
          "Value": "executor://MSTestAdapter/v2"
        },
        {
          "Key": {
            "Id": "TestCase.Source",
            "Label": "Source",
            "Category": "",
            "Description": "",
            "Attributes": 0,
            "ValueType": "System.String"
          },
          "Value": "C:\\Users\\wilso\\source\\repos\\zarantonello\\medium-testes-mutantes\\LabNotasTests\\bin\\Debug\\netcoreapp3.1\\LabNotasTests.dll"
        },
        {
          "Key": {
            "Id": "TestCase.CodeFilePath",
            "Label": "File Path",
            "Category": "",
            "Description": "",
            "Attributes": 0,
            "ValueType": "System.String"
          },
          "Value": "C:\\Users\\wilso\\source\\repos\\zarantonello\\medium-testes-mutantes\\LabNotasTests\\NotasFrequencias.cs"
        },
        {
          "Key": {
            "Id": "TestCase.DisplayName",
            "Label": "Name",
            "Category": "",
            "Description": "",
            "Attributes": 0,
            "ValueType": "System.String"
          },
          "Value": "AprovacaoDisciplina"
        },
        {
          "Key": {
            "Id": "TestCase.Id",
            "Label": "Id",
            "Category": "",
            "Description": "",
            "Attributes": 1,
            "ValueType": "System.Guid"
          },
          "Value": "0f9e67e7-2d46-03f3-c520-c5a64d868358"
        },
        {
          "Key": {
            "Id": "TestCase.LineNumber",
            "Label": "Line Number",
            "Category": "",
            "Description": "",
            "Attributes": 1,
            "ValueType": "System.Int32"
          },
          "Value": 12
        },
        {
          "Key": {
            "Id": "MSTestDiscoverer.TestClassName",
            "Label": "ClassName",
            "Category": "",
            "Description": "",
            "Attributes": 1,
            "ValueType": "System.String"
          },
          "Value": "LabNotasTests.NotasFrequencias"
        },
        {
          "Key": {
            "Id": "TestObject.Traits",
            "Label": "Traits",
            "Category": "",
            "Description": "",
            "Attributes": 5,
            "ValueType": "System.Collections.Generic.KeyValuePair`2[[System.String],[System.String]][]"
          },
          "Value": []
        }
      ]
    }
  ],
  "RunSettings": "<RunSettings>\r\n <RunConfiguration>\r\n\r\n  <MaxCpuCount>1</MaxCpuCount>\r\n  <TargetFrameworkVersion>.NETCoreApp,Version=v3.1</TargetFrameworkVersion><TestSessionTimeout>10857</TestSessionTimeout>\r\n\r\n<DesignMode>false</DesignMode>\r\n<BatchSize>1</BatchSize>\r\n </RunConfiguration><InProcDataCollectionRunSettings><InProcDataCollectors><InProcDataCollector friendlyName=\"StrykerCoverage\" uri=\"https://stryker-mutator.io/\" codebase=\"C:\\Users\\wilso\\.dotnet\\tools\\.store\\dotnet-stryker\\0.19.0\\dotnet-stryker\\0.19.0\\tools\\netcoreapp3.1\\any\\Stryker.DataCollector.dll\" assemblyQualifiedName=\"Stryker.DataCollector.CoverageCollector, Stryker.DataCollector, Version=0.16.1.0, Culture=neutral, PublicKeyToken=null\">\r\n<Configuration><Parameters><Mutant id='5' tests='0f9e67e7-2d46-03f3-c520-c5a64d868358'/><MutantControl  name='Stryker9xBuQnHrYE2YBKt.MutantControl'/></Parameters></Configuration></InProcDataCollector></InProcDataCollectors></InProcDataCollectionRunSettings>\r\n</RunSettings>",
  "KeepAlive": false,
  "DebuggingEnabled": false,
  "TestPlatformOptions": null
}
TpTrace Information: 0 : 5720, 6, 2020/09/10, 18:46:10.890, 751176789446, vstest.console.exe, TestRequestManager.RunTests: run tests started.
TpTrace Information: 0 : 5720, 6, 2020/09/10, 18:46:10.890, 751176797867, vstest.console.exe, AssemblyMetadataProvider.GetFrameWork: Determined framework:'.NETCoreApp,Version=v3.1' for source: 'C:\Users\wilso\source\repos\zarantonello\medium-testes-mutantes\LabNotasTests\bin\Debug\netcoreapp3.1\LabNotasTests.dll'
TpTrace Information: 0 : 5720, 6, 2020/09/10, 18:46:10.890, 751176800507, vstest.console.exe, Determined framework for all sources: .NETCoreApp,Version=v3.1
TpTrace Information: 0 : 5720, 6, 2020/09/10, 18:46:10.914, 751177038177, vstest.console.exe, AssemblyMetadataProvider.GetArchitecture: Determined architecture:AnyCPU info for assembly: C:\Users\wilso\source\repos\zarantonello\medium-testes-mutantes\LabNotasTests\bin\Debug\netcoreapp3.1\LabNotasTests.dll
TpTrace Information: 0 : 5720, 6, 2020/09/10, 18:46:10.914, 751177040488, vstest.console.exe, Determined platform for all sources: X64
TpTrace Information: 0 : 5720, 6, 2020/09/10, 18:46:10.914, 751177041868, vstest.console.exe, Compatible sources list : 
TpTrace Information: 0 : 5720, 6, 2020/09/10, 18:46:10.914, 751177042791, vstest.console.exe, C:\Users\wilso\source\repos\zarantonello\medium-testes-mutantes\LabNotasTests\bin\Debug\netcoreapp3.1\LabNotasTests.dll
TpTrace Information: 0 : 5720, 6, 2020/09/10, 18:46:10.915, 751177045517, vstest.console.exe, InferRunSettingsHelper.IsTestSettingsEnabled: Unable to navigate to RunSettings/MSTest. Current node: RunSettings
TpTrace Information: 0 : 5720, 6, 2020/09/10, 18:46:10.917, 751177068560, vstest.console.exe, InferRunSettingsHelper.IsTestSettingsEnabled: Unable to navigate to RunSettings/MSTest. Current node: RunSettings
TpTrace Information: 0 : 5720, 6, 2020/09/10, 18:46:10.918, 751177075819, vstest.console.exe, TestRunRequest.ExecuteAsync: Starting run with settings:TestRunCriteria:
   KeepAlive=False,FrequencyOfRunStatsChangeEvent=1,RunStatsChangeEventTimeout=00:00:01.5000000,TestCaseFilter=,TestExecutorLauncher=Microsoft.VisualStudio.TestPlatform.Client.DesignMode.DesignModeTestHostLauncher
   Settingsxml=<RunSettings>
  <RunConfiguration>
    <MaxCpuCount>1</MaxCpuCount>
    <TargetFrameworkVersion>.NETCoreApp,Version=v3.1</TargetFrameworkVersion>
    <TestSessionTimeout>10857</TestSessionTimeout>
    <DesignMode>false</DesignMode>
    <BatchSize>1</BatchSize>
    <TargetPlatform>X64</TargetPlatform>
    <CollectSourceInformation>True</CollectSourceInformation>
  </RunConfiguration>
  <InProcDataCollectionRunSettings>
    <InProcDataCollectors>
      <InProcDataCollector friendlyName="StrykerCoverage" uri="https://stryker-mutator.io/" codebase="C:\Users\wilso\.dotnet\tools\.store\dotnet-stryker\0.19.0\dotnet-stryker\0.19.0\tools\netcoreapp3.1\any\Stryker.DataCollector.dll" assemblyQualifiedName="Stryker.DataCollector.CoverageCollector, Stryker.DataCollector, Version=0.16.1.0, Culture=neutral, PublicKeyToken=null">
        <Configuration>
          <Parameters>
            <Mutant id="5" tests="0f9e67e7-2d46-03f3-c520-c5a64d868358" />
            <MutantControl name="Stryker9xBuQnHrYE2YBKt.MutantControl" />
          </Parameters>
        </Configuration>
      </InProcDataCollector>
    </InProcDataCollectors>
  </InProcDataCollectionRunSettings>
  <LoggerRunSettings>
    <Loggers>
      <Logger friendlyName="Console" uri="logger://microsoft/TestPlatform/ConsoleLogger/v1" assemblyQualifiedName="Microsoft.VisualStudio.TestPlatform.CommandLine.Internal.ConsoleLogger, vstest.console, Version=15.0.0.0, Culture=neutral, PublicKeyToken=b03f5f7f11d50a3a" codeBase="C:\Users\wilso\AppData\Local\Temp\eqqca4le.t4u\.vstest\tools\net451\vstest.console.exe" enabled="True" />
    </Loggers>
  </LoggerRunSettings>
</RunSettings>

TpTrace Information: 0 : 5720, 6, 2020/09/10, 18:46:10.918, 751177079750, vstest.console.exe, ProxyParallelExecutionManager: Triggering test run for next source: C:\Users\wilso\source\repos\zarantonello\medium-testes-mutantes\LabNotasTests\bin\Debug\netcoreapp3.1\LabNotasTests.dll
TpTrace Information: 0 : 5720, 6, 2020/09/10, 18:46:10.918, 751177081596, vstest.console.exe, TestRunRequest.ExecuteAsync: Started.
TpTrace Information: 0 : 5720, 11, 2020/09/10, 18:46:10.919, 751177087292, vstest.console.exe, SocketServer.Start: Listening on endpoint : 127.0.0.1:56235
TpTrace Information: 0 : 5720, 1, 2020/09/10, 18:46:10.930, 751177197511, vstest.console.exe, DesignModeClient.ProcessRequests: Processing Message: (TestExecution.CustomTestHostLaunchCallback) -> {
  "HostProcessId": 23580,
  "ErrorMessage": null
}
TpTrace Warning: 0 : 5720, 10, 2020/09/10, 18:46:12.030, 751188194090, vstest.console.exe, TestRunRequest.SendTestRunMessage: Ignoring as the object is disposed.
TpTrace Warning: 0 : 5720, 10, 2020/09/10, 18:46:12.035, 751188241775, vstest.console.exe, Ignoring TestRunRequest.Abort() as testRunRequest object has already been disposed
TpTrace Information: 0 : 5720, 11, 2020/09/10, 18:46:12.325, 751191142889, vstest.console.exe, TestRunRequest:SendTestRunMessage: Completed.
TpTrace Information: 0 : 5720, 7, 2020/09/10, 18:46:12.368, 751191576471, vstest.console.exe, TestRunRequest:SendTestRunMessage: Completed.
TpTrace Information: 0 : 5720, 7, 2020/09/10, 18:46:13.269, 751200588702, vstest.console.exe, TestRunRequest:SendTestRunStatsChange: Completed.
TpTrace Information: 0 : 5720, 7, 2020/09/10, 18:46:13.488, 751202770809, vstest.console.exe, TestRunRequest:SendTestRunStatsChange: Completed.
TpTrace Information: 0 : 5720, 4, 2020/09/10, 18:46:13.594, 751203838153, vstest.console.exe, TestHostManagerCallbacks.ExitCallBack: Testhost processId: 23580 exited with exitcode: 0 error: ''
TpTrace Information: 0 : 5720, 4, 2020/09/10, 18:46:13.595, 751203840908, vstest.console.exe, TestRequestSender.OnClientProcessExit: Test host process exited. Standard error: 
TpTrace Warning: 0 : 5720, 7, 2020/09/10, 18:46:13.595, 751203841058, vstest.console.exe, ProxyOperationManager: Timed out waiting for test host to exit. Will terminate process.
TpTrace Information: 0 : 5720, 4, 2020/09/10, 18:46:13.595, 751203842205, vstest.console.exe, SocketServer.Stop: Stop server endPoint: 127.0.0.1:56235
TpTrace Information: 0 : 5720, 4, 2020/09/10, 18:46:13.595, 751203846768, vstest.console.exe, SocketServer.Stop: Cancellation requested. Stopping message loop.
TpTrace Information: 0 : 5720, 7, 2020/09/10, 18:46:13.595, 751203848131, vstest.console.exe, TestRunRequest:SendTestRunStatsChange: Completed.
TpTrace Information: 0 : 5720, 7, 2020/09/10, 18:46:13.599, 751203884830, vstest.console.exe, TestRunRequest:TestRunComplete: Completed.
TpTrace Information: 0 : 5720, 6, 2020/09/10, 18:46:13.599, 751203887639, vstest.console.exe, TestRunRequest.Dispose: Completed.
TpTrace Information: 0 : 5720, 6, 2020/09/10, 18:46:13.599, 751203889133, vstest.console.exe, TestRequestManager.RunTests: run tests completed.
TpTrace Information: 0 : 5720, 7, 2020/09/10, 18:46:13.599, 751203888571, vstest.console.exe, SocketServer.Stop: Stop server endPoint: 127.0.0.1:56235
TpTrace Information: 0 : 5720, 7, 2020/09/10, 18:46:13.600, 751203892957, vstest.console.exe, SocketServer.Stop: Cancellation requested. Stopping message loop.
TpTrace Information: 0 : 5720, 7, 2020/09/10, 18:46:13.600, 751203894257, vstest.console.exe, SocketServer.PrivateStop: Stop server endPoint: 127.0.0.1:56235 error: 
TpTrace Information: 0 : 5720, 7, 2020/09/10, 18:46:13.600, 751203897917, vstest.console.exe, SocketServer.Stop: Raise disconnected event endPoint: 127.0.0.1:56235 error: 
TpTrace Error: 0 : 5720, 1, 2020/09/10, 18:46:14.888, 751216779434, vstest.console.exe, DesignModeClient: Error processing request: System.IO.IOException: No  possvel ler os dados da conexo de transporte: Foi forado o cancelamento de uma conexo existente pelo host remoto. ---> System.Net.Sockets.SocketException: Foi forado o cancelamento de uma conexo existente pelo host remoto
   em System.Net.Sockets.Socket.Receive(Byte[] buffer, Int32 offset, Int32 size, SocketFlags socketFlags)
   em System.Net.Sockets.NetworkStream.Read(Byte[] buffer, Int32 offset, Int32 size)
   --- Fim do rastreamento de pilha de excees internas ---
   em System.Net.Sockets.NetworkStream.Read(Byte[] buffer, Int32 offset, Int32 size)
   em System.IO.Stream.ReadByte()
   em System.IO.BinaryReader.ReadByte()
   em System.IO.BinaryReader.Read7BitEncodedInt()
   em System.IO.BinaryReader.ReadString()
   em Microsoft.VisualStudio.TestPlatform.CommunicationUtilities.SocketCommunicationManager.ReceiveRawMessage()
   em Microsoft.VisualStudio.TestPlatform.CommunicationUtilities.SocketCommunicationManager.ReceiveMessage()
   em Microsoft.VisualStudio.TestPlatform.Client.DesignMode.DesignModeClient.ProcessRequests(ITestRequestManager testRequestManager)
